\BOOKMARK [1][-]{section.1}{Introduction to Dark Matter}{}% 1
\BOOKMARK [2][-]{subsection.1.1}{Evidence for Dark Matter}{section.1}% 2
\BOOKMARK [3][-]{subsubsection.1.1.1}{Mass Measurements from Galactic Rotation Curves}{subsection.1.1}% 3
\BOOKMARK [3][-]{subsubsection.1.1.2}{Mass Measurements from x-ray Gases}{subsection.1.1}% 4
\BOOKMARK [3][-]{subsubsection.1.1.3}{Gravitational Lensing}{subsection.1.1}% 5
\BOOKMARK [3][-]{subsubsection.1.1.4}{Cosmological Evidence}{subsection.1.1}% 6
\BOOKMARK [2][-]{subsection.1.2}{Dark Matter Candidates}{section.1}% 7
\BOOKMARK [3][-]{subsubsection.1.2.1}{The CDM Model}{subsection.1.2}% 8
\BOOKMARK [3][-]{subsubsection.1.2.2}{Nonbaryonic Dark Matter}{subsection.1.2}% 9
\BOOKMARK [3][-]{subsubsection.1.2.3}{WIMPs and SUSY}{subsection.1.2}% 10
\BOOKMARK [3][-]{subsubsection.1.2.4}{Axions and Axinos}{subsection.1.2}% 11
\BOOKMARK [3][-]{subsubsection.1.2.5}{Gravitons and Gravitinos}{subsection.1.2}% 12
\BOOKMARK [3][-]{subsubsection.1.2.6}{WIMPzillas}{subsection.1.2}% 13
\BOOKMARK [1][-]{section.2}{Searching for WIMPs}{}% 14
\BOOKMARK [2][-]{subsection.2.1}{Indirect Detection Experiments}{section.2}% 15
\BOOKMARK [3][-]{subsubsection.2.1.1}{Gamma-Ray Experiments}{subsection.2.1}% 16
\BOOKMARK [3][-]{subsubsection.2.1.2}{Neutrino Experiments}{subsection.2.1}% 17
\BOOKMARK [3][-]{subsubsection.2.1.3}{Positron Experiments}{subsection.2.1}% 18
\BOOKMARK [2][-]{subsection.2.2}{WIMP creation in Colliders}{section.2}% 19
\BOOKMARK [2][-]{subsection.2.3}{Direct Detection Experiments}{section.2}% 20
\BOOKMARK [3][-]{subsubsection.2.3.1}{The Canonical Halo Model}{subsection.2.3}% 21
\BOOKMARK [3][-]{subsubsection.2.3.2}{The WIMP Recoil Spectrum}{subsection.2.3}% 22
\BOOKMARK [3][-]{subsubsection.2.3.3}{Backgrounds in Direct Detection Experiments}{subsection.2.3}% 23
\BOOKMARK [3][-]{subsubsection.2.3.4}{Direct Detection Methods}{subsection.2.3}% 24
