This is pdfTeX, Version 3.1415926-2.3-1.40.12 (MiKTeX 2.9) (preloaded format=pdflatex 2012.12.5)  23 APR 2016 21:24
entering extended mode
**Introduction.tex
(C:\Users\Richard\Desktop\Thesis\Intro\Introduction.tex
LaTeX2e <2011/06/27>
Babel <v3.8m> and hyphenation patterns for english, afrikaans, ancientgreek, ar
abic, armenian, assamese, basque, bengali, bokmal, bulgarian, catalan, coptic, 
croatian, czech, danish, dutch, esperanto, estonian, farsi, finnish, french, ga
lician, german, german-x-2009-06-19, greek, gujarati, hindi, hungarian, iceland
ic, indonesian, interlingua, irish, italian, kannada, kurmanji, lao, latin, lat
vian, lithuanian, malayalam, marathi, mongolian, mongolianlmc, monogreek, ngerm
an, ngerman-x-2009-06-19, nynorsk, oriya, panjabi, pinyin, polish, portuguese, 
romanian, russian, sanskrit, serbian, slovak, slovenian, spanish, swedish, swis
sgerman, tamil, telugu, turkish, turkmen, ukenglish, ukrainian, uppersorbian, u
senglishmax, welsh, loaded.
("C:\Program Files (x86)\MiKTeX 2.9\tex\latex\base\article.cls"
Document Class: article 2007/10/19 v1.4h Standard LaTeX document class
("C:\Program Files (x86)\MiKTeX 2.9\tex\latex\base\size12.clo"
File: size12.clo 2007/10/19 v1.4h Standard LaTeX file (size option)
)
\c@part=\count79
\c@section=\count80
\c@subsection=\count81
\c@subsubsection=\count82
\c@paragraph=\count83
\c@subparagraph=\count84
\c@figure=\count85
\c@table=\count86
\abovecaptionskip=\skip41
\belowcaptionskip=\skip42
\bibindent=\dimen102
)
("C:\Program Files (x86)\MiKTeX 2.9\tex\latex\ams\math\amsmath.sty"
Package: amsmath 2000/07/18 v2.13 AMS math features
\@mathmargin=\skip43

For additional information on amsmath, use the `?' option.
("C:\Program Files (x86)\MiKTeX 2.9\tex\latex\ams\math\amstext.sty"
Package: amstext 2000/06/29 v2.01

("C:\Program Files (x86)\MiKTeX 2.9\tex\latex\ams\math\amsgen.sty"
File: amsgen.sty 1999/11/30 v2.0
\@emptytoks=\toks14
\ex@=\dimen103
))
("C:\Program Files (x86)\MiKTeX 2.9\tex\latex\ams\math\amsbsy.sty"
Package: amsbsy 1999/11/29 v1.2d
\pmbraise@=\dimen104
)
("C:\Program Files (x86)\MiKTeX 2.9\tex\latex\ams\math\amsopn.sty"
Package: amsopn 1999/12/14 v2.01 operator names
)
\inf@bad=\count87
LaTeX Info: Redefining \frac on input line 211.
\uproot@=\count88
\leftroot@=\count89
LaTeX Info: Redefining \overline on input line 307.
\classnum@=\count90
\DOTSCASE@=\count91
LaTeX Info: Redefining \ldots on input line 379.
LaTeX Info: Redefining \dots on input line 382.
LaTeX Info: Redefining \cdots on input line 467.
\Mathstrutbox@=\box26
\strutbox@=\box27
\big@size=\dimen105
LaTeX Font Info:    Redeclaring font encoding OML on input line 567.
LaTeX Font Info:    Redeclaring font encoding OMS on input line 568.
\macc@depth=\count92
\c@MaxMatrixCols=\count93
\dotsspace@=\muskip10
\c@parentequation=\count94
\dspbrk@lvl=\count95
\tag@help=\toks15
\row@=\count96
\column@=\count97
\maxfields@=\count98
\andhelp@=\toks16
\eqnshift@=\dimen106
\alignsep@=\dimen107
\tagshift@=\dimen108
\tagwidth@=\dimen109
\totwidth@=\dimen110
\lineht@=\dimen111
\@envbody=\toks17
\multlinegap=\skip44
\multlinetaggap=\skip45
\mathdisplay@stack=\toks18
LaTeX Info: Redefining \[ on input line 2666.
LaTeX Info: Redefining \] on input line 2667.
)
("C:\Program Files (x86)\MiKTeX 2.9\tex\latex\graphics\graphicx.sty"
Package: graphicx 1999/02/16 v1.0f Enhanced LaTeX Graphics (DPC,SPQR)

("C:\Program Files (x86)\MiKTeX 2.9\tex\latex\graphics\keyval.sty"
Package: keyval 1999/03/16 v1.13 key=value parser (DPC)
\KV@toks@=\toks19
)
("C:\Program Files (x86)\MiKTeX 2.9\tex\latex\graphics\graphics.sty"
Package: graphics 2009/02/05 v1.0o Standard LaTeX Graphics (DPC,SPQR)

("C:\Program Files (x86)\MiKTeX 2.9\tex\latex\graphics\trig.sty"
Package: trig 1999/03/16 v1.09 sin cos tan (DPC)
)
("C:\Program Files (x86)\MiKTeX 2.9\tex\latex\00miktex\graphics.cfg"
File: graphics.cfg 2007/01/18 v1.5 graphics configuration of teTeX/TeXLive
)
Package graphics Info: Driver file: pdftex.def on input line 91.

("C:\Program Files (x86)\MiKTeX 2.9\tex\latex\pdftex-def\pdftex.def"
File: pdftex.def 2011/05/27 v0.06d Graphics/color for pdfTeX

("C:\Program Files (x86)\MiKTeX 2.9\tex\generic\oberdiek\infwarerr.sty"
Package: infwarerr 2010/04/08 v1.3 Providing info/warning/error messages (HO)
)
("C:\Program Files (x86)\MiKTeX 2.9\tex\generic\oberdiek\ltxcmds.sty"
Package: ltxcmds 2011/11/09 v1.22 LaTeX kernel commands for general use (HO)
)
\Gread@gobject=\count99
))
\Gin@req@height=\dimen112
\Gin@req@width=\dimen113
)
("C:\Program Files (x86)\MiKTeX 2.9\tex\latex\floatrow\floatrow.sty"
Package: floatrow 2008/08/02 v0.3b floatrow: float package extension

("C:\Program Files (x86)\MiKTeX 2.9\tex\latex\caption\caption3.sty"
Package: caption3 2013/02/03 v1.5-62 caption3 kernel (AR)
\captionmargin=\dimen114
\captionmargin@=\dimen115
\captionwidth=\dimen116
\caption@tempdima=\dimen117
\caption@indent=\dimen118
\caption@parindent=\dimen119
\caption@hangindent=\dimen120
)
\c@float@type=\count100
\float@exts=\toks20
\float@box=\box28
\@floatcapt=\box29
Package floatrow Info: Modified float package code loaded on input line 455.
Package floatrow Info: Modified rotfloat package code loaded on input line 473.

\FR@everyfloat=\toks21
\flrow@foot=\insert233
\FB@wd=\dimen121
\FBo@wd=\dimen122
\FBc@wd=\dimen123
\FBo@ht=\skip46
\FBc@ht=\skip47
\FBf@ht=\skip48
\FBo@max=\skip49
\FBc@max=\skip50
\FBf@max=\skip51
\c@FBl@b=\count101
\floatbox@depth=\count102
\c@FRobj=\count103
\c@FRsobj=\count104
\Xhsize=\skip52
\sXhsize=\skip53
\Zhsize=\skip54
\sZhsize=\skip55
\flrow@rowbox=\box30
\FR@Zunitlength=\dimen124
\c@FBcnt=\count105
\FPOScnt=\count106
\LTleft=\skip56
\LTright=\skip57
\LTleft=\skip58
\LTright=\skip59
\flrow@types=\toks22
)
("C:\Program Files (x86)\MiKTeX 2.9\tex\latex\amsfonts\amssymb.sty"
Package: amssymb 2009/06/22 v3.00

("C:\Program Files (x86)\MiKTeX 2.9\tex\latex\amsfonts\amsfonts.sty"
Package: amsfonts 2009/06/22 v3.00 Basic AMSFonts support
\symAMSa=\mathgroup4
\symAMSb=\mathgroup5
LaTeX Font Info:    Overwriting math alphabet `\mathfrak' in version `bold'
(Font)                  U/euf/m/n --> U/euf/b/n on input line 96.
))
("C:\Program Files (x86)\MiKTeX 2.9\tex\latex\caption\caption.sty"
Package: caption 2013/02/03 v3.3-65 Customizing captions (AR)
\c@ContinuedFloat=\count107
Package caption Info: float package is loaded.
Package caption Info: floatrow package is loaded.
)
("C:\Program Files (x86)\MiKTeX 2.9\tex\latex\rotating\rotating.sty"
Package: rotating 2009/03/28 v2.16a rotated objects in LaTeX

("C:\Program Files (x86)\MiKTeX 2.9\tex\latex\base\ifthen.sty"
Package: ifthen 2001/05/26 v1.1c Standard LaTeX ifthen package (DPC)
)
\c@r@tfl@t=\count108
\rotFPtop=\skip60
\rotFPbot=\skip61
\rot@float@box=\box31
\rot@mess@toks=\toks23
)
("C:\Program Files (x86)\MiKTeX 2.9\tex\latex\hyperref\hyperref.sty"
Package: hyperref 2012/05/13 v6.82q Hypertext links for LaTeX

("C:\Program Files (x86)\MiKTeX 2.9\tex\generic\oberdiek\hobsub-hyperref.sty"
Package: hobsub-hyperref 2012/04/25 v1.12 Bundle oberdiek, subset hyperref (HO)


("C:\Program Files (x86)\MiKTeX 2.9\tex\generic\oberdiek\hobsub-generic.sty"
Package: hobsub-generic 2012/04/25 v1.12 Bundle oberdiek, subset generic (HO)
Package: hobsub 2012/04/25 v1.12 Construct package bundles (HO)
Package hobsub Info: Skipping package `infwarerr' (already loaded).
Package hobsub Info: Skipping package `ltxcmds' (already loaded).
Package: ifluatex 2010/03/01 v1.3 Provides the ifluatex switch (HO)
Package ifluatex Info: LuaTeX not detected.
Package: ifvtex 2010/03/01 v1.5 Detect VTeX and its facilities (HO)
Package ifvtex Info: VTeX not detected.
Package: intcalc 2007/09/27 v1.1 Expandable calculations with integers (HO)
Package: ifpdf 2011/01/30 v2.3 Provides the ifpdf switch (HO)
Package ifpdf Info: pdfTeX in PDF mode is detected.
Package: etexcmds 2011/02/16 v1.5 Avoid name clashes with e-TeX commands (HO)
Package etexcmds Info: Could not find \expanded.
(etexcmds)             That can mean that you are not using pdfTeX 1.50 or
(etexcmds)             that some package has redefined \expanded.
(etexcmds)             In the latter case, load this package earlier.
Package: kvsetkeys 2012/04/25 v1.16 Key value parser (HO)
Package: kvdefinekeys 2011/04/07 v1.3 Define keys (HO)
Package: pdftexcmds 2011/11/29 v0.20 Utility functions of pdfTeX for LuaTeX (HO
)
Package pdftexcmds Info: LuaTeX not detected.
Package pdftexcmds Info: \pdf@primitive is available.
Package pdftexcmds Info: \pdf@ifprimitive is available.
Package pdftexcmds Info: \pdfdraftmode found.
Package: pdfescape 2011/11/25 v1.13 Implements pdfTeX's escape features (HO)
Package: bigintcalc 2012/04/08 v1.3 Expandable calculations on big integers (HO
)
Package: bitset 2011/01/30 v1.1 Handle bit-vector datatype (HO)
Package: uniquecounter 2011/01/30 v1.2 Provide unlimited unique counter (HO)
)
Package hobsub Info: Skipping package `hobsub' (already loaded).
Package: letltxmacro 2010/09/02 v1.4 Let assignment for LaTeX macros (HO)
Package: hopatch 2011/06/24 v1.1 Wrapper for package hooks (HO)
Package: xcolor-patch 2011/01/30 xcolor patch
Package: atveryend 2011/06/30 v1.8 Hooks at the very end of document (HO)
Package atveryend Info: \enddocument detected (standard20110627).
Package: atbegshi 2011/10/05 v1.16 At begin shipout hook (HO)
Package: refcount 2011/10/16 v3.4 Data extraction from label references (HO)
Package: hycolor 2011/01/30 v1.7 Color options for hyperref/bookmark (HO)
)
("C:\Program Files (x86)\MiKTeX 2.9\tex\generic\ifxetex\ifxetex.sty"
Package: ifxetex 2010/09/12 v0.6 Provides ifxetex conditional
)
("C:\Program Files (x86)\MiKTeX 2.9\tex\latex\oberdiek\kvoptions.sty"
Package: kvoptions 2011/06/30 v3.11 Key value format for package options (HO)
)
\@linkdim=\dimen125
\Hy@linkcounter=\count109
\Hy@pagecounter=\count110

("C:\Program Files (x86)\MiKTeX 2.9\tex\latex\hyperref\pd1enc.def"
File: pd1enc.def 2012/05/13 v6.82q Hyperref: PDFDocEncoding definition (HO)
)
\Hy@SavedSpaceFactor=\count111

("C:\Program Files (x86)\MiKTeX 2.9\tex\latex\00miktex\hyperref.cfg"
File: hyperref.cfg 2002/06/06 v1.2 hyperref configuration of TeXLive
)
Package hyperref Info: Hyper figures OFF on input line 4062.
Package hyperref Info: Link nesting OFF on input line 4067.
Package hyperref Info: Hyper index ON on input line 4070.
Package hyperref Info: Plain pages OFF on input line 4077.
Package hyperref Info: Backreferencing OFF on input line 4082.
Package hyperref Info: Implicit mode ON; LaTeX internals redefined.
Package hyperref Info: Bookmarks ON on input line 4300.
\c@Hy@tempcnt=\count112

("C:\Program Files (x86)\MiKTeX 2.9\tex\latex\ltxmisc\url.sty"
\Urlmuskip=\muskip11
Package: url 2006/04/12  ver 3.3  Verb mode for urls, etc.
)
LaTeX Info: Redefining \url on input line 4653.
\Fld@menulength=\count113
\Field@Width=\dimen126
\Fld@charsize=\dimen127
Package hyperref Info: Hyper figures OFF on input line 5773.
Package hyperref Info: Link nesting OFF on input line 5778.
Package hyperref Info: Hyper index ON on input line 5781.
Package hyperref Info: backreferencing OFF on input line 5788.
Package hyperref Info: Link coloring OFF on input line 5793.
Package hyperref Info: Link coloring with OCG OFF on input line 5798.
Package hyperref Info: PDF/A mode OFF on input line 5803.
LaTeX Info: Redefining \ref on input line 5843.
LaTeX Info: Redefining \pageref on input line 5847.
\Hy@abspage=\count114
\c@Item=\count115
\c@Hfootnote=\count116
)

Package hyperref Message: Driver (autodetected): hpdftex.

("C:\Program Files (x86)\MiKTeX 2.9\tex\latex\hyperref\hpdftex.def"
File: hpdftex.def 2012/05/13 v6.82q Hyperref driver for pdfTeX
\Fld@listcount=\count117
\c@bookmark@seq@number=\count118

("C:\Program Files (x86)\MiKTeX 2.9\tex\latex\oberdiek\rerunfilecheck.sty"
Package: rerunfilecheck 2011/04/15 v1.7 Rerun checks for auxiliary files (HO)
Package uniquecounter Info: New unique counter `rerunfilecheck' on input line 2
82.
)
\Hy@SectionHShift=\skip62
)
(C:\Users\Richard\Desktop\Thesis\Intro\Introduction.aux

LaTeX Warning: Label `lensfigure' multiply defined.


LaTeX Warning: Label `Lewin' multiply defined.

)
LaTeX Font Info:    Checking defaults for OML/cmm/m/it on input line 15.
LaTeX Font Info:    ... okay on input line 15.
LaTeX Font Info:    Checking defaults for T1/cmr/m/n on input line 15.
LaTeX Font Info:    ... okay on input line 15.
LaTeX Font Info:    Checking defaults for OT1/cmr/m/n on input line 15.
LaTeX Font Info:    ... okay on input line 15.
LaTeX Font Info:    Checking defaults for OMS/cmsy/m/n on input line 15.
LaTeX Font Info:    ... okay on input line 15.
LaTeX Font Info:    Checking defaults for OMX/cmex/m/n on input line 15.
LaTeX Font Info:    ... okay on input line 15.
LaTeX Font Info:    Checking defaults for U/cmr/m/n on input line 15.
LaTeX Font Info:    ... okay on input line 15.
LaTeX Font Info:    Checking defaults for PD1/pdf/m/n on input line 15.
LaTeX Font Info:    ... okay on input line 15.
 ("C:\Program Files (x86)\MiKTeX 2.9\tex\context\base\supp-pdf.mkii"
[Loading MPS to PDF converter (version 2006.09.02).]
\scratchcounter=\count119
\scratchdimen=\dimen128
\scratchbox=\box32
\nofMPsegments=\count120
\nofMParguments=\count121
\everyMPshowfont=\toks24
\MPscratchCnt=\count122
\MPscratchDim=\dimen129
\MPnumerator=\count123
\makeMPintoPDFobject=\count124
\everyMPtoPDFconversion=\toks25
)
Package caption Info: Begin \AtBeginDocument code.
Package caption Info: hyperref package is loaded.
Package caption Info: rotating package is loaded.
Package caption Info: End \AtBeginDocument code.
 ("C:\Program Files (x86)\MiKTeX 2.9\tex\latex\graphics\color.sty"
Package: color 2005/11/14 v1.0j Standard LaTeX Color (DPC)

("C:\Program Files (x86)\MiKTeX 2.9\tex\latex\00miktex\color.cfg"
File: color.cfg 2007/01/18 v1.5 color configuration of teTeX/TeXLive
)
Package color Info: Driver file: pdftex.def on input line 130.
)
\AtBeginShipoutBox=\box33
Package hyperref Info: Link coloring OFF on input line 15.

("C:\Program Files (x86)\MiKTeX 2.9\tex\latex\hyperref\nameref.sty"
Package: nameref 2010/04/30 v2.40 Cross-referencing by name of section

("C:\Program Files (x86)\MiKTeX 2.9\tex\generic\oberdiek\gettitlestring.sty"
Package: gettitlestring 2010/12/03 v1.4 Cleanup title references (HO)
)
\c@section@level=\count125
)
LaTeX Info: Redefining \ref on input line 15.
LaTeX Info: Redefining \pageref on input line 15.
LaTeX Info: Redefining \nameref on input line 15.

(C:\Users\Richard\Desktop\Thesis\Intro\Introduction.out)
(C:\Users\Richard\Desktop\Thesis\Intro\Introduction.out)
\@outlinefile=\write3
LaTeX Font Info:    Try loading font information for U+msa on input line 19.

("C:\Program Files (x86)\MiKTeX 2.9\tex\latex\amsfonts\umsa.fd"
File: umsa.fd 2009/06/22 v3.00 AMS symbols A
)
LaTeX Font Info:    Try loading font information for U+msb on input line 19.

("C:\Program Files (x86)\MiKTeX 2.9\tex\latex\amsfonts\umsb.fd"
File: umsb.fd 2009/06/22 v3.00 AMS symbols B
)
(C:\Users\Richard\Desktop\Thesis\Intro\Introduction.toc [1

{C:/ProgramData/MiKTeX/2.9/pdftex/config/pdftex.map}] [2])
\tf@toc=\write4
 [3] [4]
<RotationCurve2.png, id=242, 466.74374pt x 421.575pt>
File: RotationCurve2.png Graphic file (type png)
 <use RotationCurve2.png>
Package pdftex.def Info: RotationCurve2.png used on input line 33.
(pdftex.def)             Requested size: 326.71838pt x 295.10048pt.


Package caption Warning: The option `hypcap=true' will be ignored for this
(caption)                particular \caption on input line 34.
See the caption package documentation for explanation.

[5 <C:/Users/Richard/Desktop/Thesis/Intro/RotationCurve2.png>] [6] [7] [8]
[9] [10] [11] [12] [13] <LensEqFigure.png, id=353, 432.11438pt x 645.16031pt>
File: LensEqFigure.png Graphic file (type png)

<use LensEqFigure.png>
Package pdftex.def Info: LensEqFigure.png used on input line 212.
(pdftex.def)             Requested size: 216.05666pt x 322.57936pt.


Package caption Warning: The option `hypcap=true' will be ignored for this
(caption)                particular \caption on input line 213.
See the caption package documentation for explanation.

[14] [15 <C:/Users/Richard/Desktop/Thesis/Intro/LensEqFigure.png>] [16]
[17] <GammaOneGammaTwo.png, id=396, 813.0375pt x 633.86812pt>
File: GammaOneGammaTwo.png Graphic file (type png)

<use GammaOneGammaTwo.png>
Package pdftex.def Info: GammaOneGammaTwo.png used on input line 251.
(pdftex.def)             Requested size: 243.91313pt x 190.1619pt.


Package caption Warning: The option `hypcap=true' will be ignored for this
(caption)                particular \caption on input line 252.
See the caption package documentation for explanation.

[18 <C:/Users/Richard/Desktop/Thesis/Intro/GammaOneGammaTwo.png>]
<bulletcluster.jpg, id=407, 335.00156pt x 228.855pt>
File: bulletcluster.jpg Graphic file (type jpg)
 <use bulletcluster.jpg>
Package pdftex.def Info: bulletcluster.jpg used on input line 264.
(pdftex.def)             Requested size: 335.00073pt x 228.85443pt.


Package caption Warning: The option `hypcap=true' will be ignored for this
(caption)                particular \caption on input line 265.
See the caption package documentation for explanation.

[19 <C:/Users/Richard/Desktop/Thesis/Intro/bulletcluster.jpg>]
<CMB_Planck.jpg, id=417, 1114.1625pt x 557.08125pt>
File: CMB_Planck.jpg Graphic file (type jpg)
 <use CMB_Planck.jpg>
Package pdftex.def Info: CMB_Planck.jpg used on input line 276.
(pdftex.def)             Requested size: 334.25133pt x 167.12566pt.


Package caption Warning: The option `hypcap=true' will be ignored for this
(caption)                particular \caption on input line 277.
See the caption package documentation for explanation.

[20] [21 <C:/Users/Richard/Desktop/Thesis/Intro/CMB_Planck.jpg>] [22]
<PS_Planck.png, id=447, 1017.04968pt x 542.77782pt>
File: PS_Planck.png Graphic file (type png)
 <use PS_Planck.png>
Package pdftex.def Info: PS_Planck.png used on input line 316.
(pdftex.def)             Requested size: 406.81267pt x 217.10727pt.


Package caption Warning: The option `hypcap=true' will be ignored for this
(caption)                particular \caption on input line 317.
See the caption package documentation for explanation.


Overfull \hbox (16.81267pt too wide) in paragraph at lines 316--317
 [] 
 []

[23 <C:/Users/Richard/Desktop/Thesis/Intro/PS_Planck.png>] [24]
<BAO.png, id=466, 542.77782pt x 209.28188pt>
File: BAO.png Graphic file (type png)
 <use BAO.png>
Package pdftex.def Info: BAO.png used on input line 329.
(pdftex.def)             Requested size: 379.94188pt x 146.49629pt.


Package caption Warning: The option `hypcap=true' will be ignored for this
(caption)                particular \caption on input line 330.
See the caption package documentation for explanation.

[25 <C:/Users/Richard/Desktop/Thesis/Intro/BAO.png>]

Package hyperref Warning: Token not allowed in a PDF string (PDFDocEncoding):
(hyperref)                removing `math shift' on input line 341.


Package hyperref Warning: Token not allowed in a PDF string (PDFDocEncoding):
(hyperref)                removing `\Lambda' on input line 341.


Package hyperref Warning: Token not allowed in a PDF string (PDFDocEncoding):
(hyperref)                removing `math shift' on input line 341.

[26] [27] [28] [29] [30] <neutrinos.png, id=523, 943.27406pt x 503.63156pt>
File: neutrinos.png Graphic file (type png)

<use neutrinos.png>
Package pdftex.def Info: neutrinos.png used on input line 401.
(pdftex.def)             Requested size: 377.30293pt x 201.44905pt.


Package caption Warning: The option `hypcap=true' will be ignored for this
(caption)                particular \caption on input line 402.
See the caption package documentation for explanation.

[31 <C:/Users/Richard/Desktop/Thesis/Intro/neutrinos.png>] [32] [33] [34]
[35] [36] [37] [38] [39] [40] [41] [42] [43] [44] [45] [46] [47]
<Recoil-spectrum.png, id=686, 517.935pt x 477.9456pt>
File: Recoil-spectrum.png Graphic file (type png)

<use Recoil-spectrum.png>
Package pdftex.def Info: Recoil-spectrum.png used on input line 561.
(pdftex.def)             Requested size: 258.96686pt x 238.97221pt.


Package caption Warning: The option `hypcap=true' will be ignored for this
(caption)                particular \caption on input line 562.
See the caption package documentation for explanation.

[48] [49 <C:/Users/Richard/Desktop/Thesis/Intro/Recoil-spectrum.png>] [50]
[51] [52] [53] [54] [55] [56]
Overfull \hbox (13.51765pt too wide) in paragraph at lines 640--640
[]\OT1/cmr/bx/n/17.28 Calibration of the LUX De-tec-tor in a nonuni-
 []

[57] [58]
Overfull \vbox (312.91673pt too high) has occurred while \output is active []


[59] [60]
Underfull \hbox (badness 2460) in paragraph at lines 683--684
[]\OT1/cmr/m/n/12 Wu, et al. \OT1/cmr/m/it/12 Monthly No-tices of the Royal As-
tro-nom-i-cal So-ci-ety
 []

[61]
Missing character: There is no ‚ in font cmr12!
Missing character: There is no Ä in font cmr12!
Missing character: There is no ú in font cmr12!
Missing character: There is no ‚ in font cmr12!
Missing character: There is no Ä in font cmr12!
Missing character: There is no ù in font cmr12!
 [62]
Underfull \hbox (badness 10000) in paragraph at lines 726--727
[]\OT1/cmr/m/n/12 Kurki-Suonio, Cos-mo-log-i-cal Per-tur-ba-tion The-ory. (2015
)
 []


Underfull \hbox (badness 10000) in paragraph at lines 728--729
[]\OT1/cmr/m/n/12 Hu. CMB In-tro-duc-tion. (2001) back-
 []


Underfull \hbox (badness 3735) in paragraph at lines 734--735
[]\OT1/cmr/m/n/12 Fermi-LAT Col-lab-o-ra-tion. Fermi LAT Search for Dark Mat-te
r
 []


Underfull \hbox (badness 1688) in paragraph at lines 734--735
\OT1/cmr/m/n/12 in Gamma-ray Lines and the In-clu-sive Pho-ton Spec-trum. (2012
)
 []

[63] [64]pdfTeX warning (ext4): destination with the same identifier (name{cite
.Lewin}) has been already used, duplicate ignored
<to be read again> 
                   \relax 
l.769 \bibitem{Lewin}
                       D Lewin and P F Smith.  Review of mathematics, numeri...
[65]
Package atveryend Info: Empty hook `BeforeClearDocument' on input line 778.
 [66]
Package atveryend Info: Empty hook `AfterLastShipout' on input line 778.
 (C:\Users\Richard\Desktop\Thesis\Intro\Introduction.aux)
Package atveryend Info: Executing hook `AtVeryEndDocument' on input line 778.
Package atveryend Info: Executing hook `AtEndAfterFileList' on input line 778.
Package rerunfilecheck Info: File `Introduction.out' has not changed.
(rerunfilecheck)             Checksum: F521BBD491FC33BB34C8259498C33D89;3349.


LaTeX Warning: There were multiply-defined labels.

Package atveryend Info: Empty hook `AtVeryVeryEnd' on input line 778.
 ) 
Here is how much of TeX's memory you used:
 7873 strings out of 494045
 115768 string characters out of 3145963
 206445 words of memory out of 3000000
 10823 multiletter control sequences out of 15000+200000
 15212 words of font info for 57 fonts, out of 3000000 for 9000
 715 hyphenation exceptions out of 8191
 37i,13n,39p,2558b,470s stack positions out of 5000i,500n,10000p,200000b,50000s
<C:/Program Files (x86)/MiKTeX 2.9/fonts/type1/public/amsfonts/cm/cmbx12.pfb>
<C:/Program Files (x86)/MiKTeX 2.9/fonts/type1/public/amsfonts/cm/cmbx8.pfb><C:
/Program Files (x86)/MiKTeX 2.9/fonts/type1/public/amsfonts/cm/cmex10.pfb><C:/P
rogram Files (x86)/MiKTeX 2.9/fonts/type1/public/amsfonts/cm/cmmi12.pfb><C:/Pro
gram Files (x86)/MiKTeX 2.9/fonts/type1/public/amsfonts/cm/cmmi6.pfb><C:/Progra
m Files (x86)/MiKTeX 2.9/fonts/type1/public/amsfonts/cm/cmmi8.pfb><C:/Program F
iles (x86)/MiKTeX 2.9/fonts/type1/public/amsfonts/cm/cmmib10.pfb><C:/Program Fi
les (x86)/MiKTeX 2.9/fonts/type1/public/amsfonts/cm/cmr12.pfb><C:/Program Files
 (x86)/MiKTeX 2.9/fonts/type1/public/amsfonts/cm/cmr17.pfb><C:/Program Files (x
86)/MiKTeX 2.9/fonts/type1/public/amsfonts/cm/cmr6.pfb><C:/Program Files (x86)/
MiKTeX 2.9/fonts/type1/public/amsfonts/cm/cmr8.pfb><C:/Program Files (x86)/MiKT
eX 2.9/fonts/type1/public/amsfonts/cm/cmsy10.pfb><C:/Program Files (x86)/MiKTeX
 2.9/fonts/type1/public/amsfonts/cm/cmsy6.pfb><C:/Program Files (x86)/MiKTeX 2.
9/fonts/type1/public/amsfonts/cm/cmsy8.pfb><C:/Program Files (x86)/MiKTeX 2.9/f
onts/type1/public/amsfonts/cm/cmti12.pfb><C:/Program Files (x86)/MiKTeX 2.9/fon
ts/type1/public/amsfonts/symbols/msam10.pfb>
Output written on Introduction.pdf (66 pages, 1656093 bytes).
PDF statistics:
 896 PDF objects out of 1000 (max. 8388607)
 264 named destinations out of 1000 (max. 500000)
 382 words of extra memory for PDF output out of 10000 (max. 10000000)

