\BOOKMARK [1][-]{section.1}{Introduction to Dark Matter}{}% 1
\BOOKMARK [2][-]{subsection.1.1}{Evidence for Dark Matter}{section.1}% 2
\BOOKMARK [3][-]{subsubsection.1.1.1}{Mass Measurements from Galactic Rotation Curves}{subsection.1.1}% 3
\BOOKMARK [3][-]{subsubsection.1.1.2}{Mass Measurements from x-ray Gases}{subsection.1.1}% 4
\BOOKMARK [3][-]{subsubsection.1.1.3}{Gravitational Lensing}{subsection.1.1}% 5
\BOOKMARK [3][-]{subsubsection.1.1.4}{Cosmological Evidence}{subsection.1.1}% 6
\BOOKMARK [2][-]{subsection.1.2}{Dark Matter Candidates}{section.1}% 7
\BOOKMARK [3][-]{subsubsection.1.2.1}{The CDM Model}{subsection.1.2}% 8
\BOOKMARK [3][-]{subsubsection.1.2.2}{Nonbaryonic Dark Matter}{subsection.1.2}% 9
\BOOKMARK [3][-]{subsubsection.1.2.3}{WIMPs and SUSY}{subsection.1.2}% 10
\BOOKMARK [3][-]{subsubsection.1.2.4}{Axions and Axinos}{subsection.1.2}% 11
\BOOKMARK [3][-]{subsubsection.1.2.5}{Gravitons and Gravitinos}{subsection.1.2}% 12
\BOOKMARK [3][-]{subsubsection.1.2.6}{WIMPzillas}{subsection.1.2}% 13
\BOOKMARK [1][-]{section.2}{Searching for WIMPs}{}% 14
\BOOKMARK [2][-]{subsection.2.1}{Indirect Detection Experiments}{section.2}% 15
\BOOKMARK [3][-]{subsubsection.2.1.1}{Gamma-Ray Experiments}{subsection.2.1}% 16
\BOOKMARK [3][-]{subsubsection.2.1.2}{Neutrino Experiments}{subsection.2.1}% 17
\BOOKMARK [3][-]{subsubsection.2.1.3}{Positron Experiments}{subsection.2.1}% 18
\BOOKMARK [2][-]{subsection.2.2}{WIMP creation in Colliders}{section.2}% 19
\BOOKMARK [2][-]{subsection.2.3}{Direct Detection Experiments}{section.2}% 20
\BOOKMARK [3][-]{subsubsection.2.3.1}{The WIMP Recoil Spectrum}{subsection.2.3}% 21
\BOOKMARK [3][-]{subsubsection.2.3.2}{Backgrounds in Direct Detection Experiments}{subsection.2.3}% 22
\BOOKMARK [3][-]{subsubsection.2.3.3}{Direct Detection Methods}{subsection.2.3}% 23
\BOOKMARK [1][-]{section.3}{The LUX Detector}{}% 24
\BOOKMARK [1][-]{section.4}{Standard Calibration of the LUX Detector}{}% 25
\BOOKMARK [2][-]{subsection.4.1}{Detector Efficiency Corrections}{section.4}% 26
\BOOKMARK [3][-]{subsubsection.4.1.1}{Sources of Detector Inefficiency}{subsection.4.1}% 27
\BOOKMARK [3][-]{subsubsection.4.1.2}{Standard Corrections}{subsection.4.1}% 28
\BOOKMARK [2][-]{subsection.4.2}{Energy Scale Calibrations}{section.4}% 29
\BOOKMARK [3][-]{subsubsection.4.2.1}{Recombination Physics}{subsection.4.2}% 30
\BOOKMARK [3][-]{subsubsection.4.2.2}{Doke Plot}{subsection.4.2}% 31
\BOOKMARK [1][-]{section.5}{Tritium as a Calibration Source}{}% 32
\BOOKMARK [1][-]{section.6}{Novel Calibration Techniques}{}% 33
\BOOKMARK [2][-]{subsection.6.1}{Resolution Method}{section.6}% 34
\BOOKMARK [2][-]{subsection.6.2}{Radon Lifetime Method}{section.6}% 35
\BOOKMARK [2][-]{subsection.6.3}{PMTxPMT Method}{section.6}% 36
\BOOKMARK [1][-]{section.7}{Calibration of the LUX Detector in a nonuniform Field}{}% 37
\BOOKMARK [2][-]{subsection.7.1}{Source of nonuniform Field}{section.7}% 38
\BOOKMARK [2][-]{subsection.7.2}{Issues arising from nonuniform Field}{section.7}% 39
\BOOKMARK [2][-]{subsection.7.3}{Removing field effects from data with theory}{section.7}% 40
\BOOKMARK [2][-]{subsection.7.4}{Removing field effects from data with Monte Carlo}{section.7}% 41
\BOOKMARK [2][-]{subsection.7.5}{Electron Recoil Calibration in a nonuniform Field}{section.7}% 42
