This is pdfTeX, Version 3.1415926-2.3-1.40.12 (MiKTeX 2.9) (preloaded format=pdflatex 2012.12.5)  28 JUL 2016 12:53
entering extended mode
**MainThesis.tex
(C:\Users\Richard\Desktop\Thesis\Intro\MainThesis.tex
LaTeX2e <2011/06/27>
Babel <v3.8m> and hyphenation patterns for english, afrikaans, ancientgreek, ar
abic, armenian, assamese, basque, bengali, bokmal, bulgarian, catalan, coptic, 
croatian, czech, danish, dutch, esperanto, estonian, farsi, finnish, french, ga
lician, german, german-x-2009-06-19, greek, gujarati, hindi, hungarian, iceland
ic, indonesian, interlingua, irish, italian, kannada, kurmanji, lao, latin, lat
vian, lithuanian, malayalam, marathi, mongolian, mongolianlmc, monogreek, ngerm
an, ngerman-x-2009-06-19, nynorsk, oriya, panjabi, pinyin, polish, portuguese, 
romanian, russian, sanskrit, serbian, slovak, slovenian, spanish, swedish, swis
sgerman, tamil, telugu, turkish, turkmen, ukenglish, ukrainian, uppersorbian, u
senglishmax, welsh, loaded.
("C:\Program Files (x86)\MiKTeX 2.9\tex\latex\base\article.cls"
Document Class: article 2007/10/19 v1.4h Standard LaTeX document class
("C:\Program Files (x86)\MiKTeX 2.9\tex\latex\base\size12.clo"
File: size12.clo 2007/10/19 v1.4h Standard LaTeX file (size option)
)
\c@part=\count79
\c@section=\count80
\c@subsection=\count81
\c@subsubsection=\count82
\c@paragraph=\count83
\c@subparagraph=\count84
\c@figure=\count85
\c@table=\count86
\abovecaptionskip=\skip41
\belowcaptionskip=\skip42
\bibindent=\dimen102
)
("C:\Program Files (x86)\MiKTeX 2.9\tex\latex\ams\math\amsmath.sty"
Package: amsmath 2000/07/18 v2.13 AMS math features
\@mathmargin=\skip43

For additional information on amsmath, use the `?' option.
("C:\Program Files (x86)\MiKTeX 2.9\tex\latex\ams\math\amstext.sty"
Package: amstext 2000/06/29 v2.01

("C:\Program Files (x86)\MiKTeX 2.9\tex\latex\ams\math\amsgen.sty"
File: amsgen.sty 1999/11/30 v2.0
\@emptytoks=\toks14
\ex@=\dimen103
))
("C:\Program Files (x86)\MiKTeX 2.9\tex\latex\ams\math\amsbsy.sty"
Package: amsbsy 1999/11/29 v1.2d
\pmbraise@=\dimen104
)
("C:\Program Files (x86)\MiKTeX 2.9\tex\latex\ams\math\amsopn.sty"
Package: amsopn 1999/12/14 v2.01 operator names
)
\inf@bad=\count87
LaTeX Info: Redefining \frac on input line 211.
\uproot@=\count88
\leftroot@=\count89
LaTeX Info: Redefining \overline on input line 307.
\classnum@=\count90
\DOTSCASE@=\count91
LaTeX Info: Redefining \ldots on input line 379.
LaTeX Info: Redefining \dots on input line 382.
LaTeX Info: Redefining \cdots on input line 467.
\Mathstrutbox@=\box26
\strutbox@=\box27
\big@size=\dimen105
LaTeX Font Info:    Redeclaring font encoding OML on input line 567.
LaTeX Font Info:    Redeclaring font encoding OMS on input line 568.
\macc@depth=\count92
\c@MaxMatrixCols=\count93
\dotsspace@=\muskip10
\c@parentequation=\count94
\dspbrk@lvl=\count95
\tag@help=\toks15
\row@=\count96
\column@=\count97
\maxfields@=\count98
\andhelp@=\toks16
\eqnshift@=\dimen106
\alignsep@=\dimen107
\tagshift@=\dimen108
\tagwidth@=\dimen109
\totwidth@=\dimen110
\lineht@=\dimen111
\@envbody=\toks17
\multlinegap=\skip44
\multlinetaggap=\skip45
\mathdisplay@stack=\toks18
LaTeX Info: Redefining \[ on input line 2666.
LaTeX Info: Redefining \] on input line 2667.
)
("C:\Program Files (x86)\MiKTeX 2.9\tex\latex\graphics\graphicx.sty"
Package: graphicx 1999/02/16 v1.0f Enhanced LaTeX Graphics (DPC,SPQR)

("C:\Program Files (x86)\MiKTeX 2.9\tex\latex\graphics\keyval.sty"
Package: keyval 1999/03/16 v1.13 key=value parser (DPC)
\KV@toks@=\toks19
)
("C:\Program Files (x86)\MiKTeX 2.9\tex\latex\graphics\graphics.sty"
Package: graphics 2009/02/05 v1.0o Standard LaTeX Graphics (DPC,SPQR)

("C:\Program Files (x86)\MiKTeX 2.9\tex\latex\graphics\trig.sty"
Package: trig 1999/03/16 v1.09 sin cos tan (DPC)
)
("C:\Program Files (x86)\MiKTeX 2.9\tex\latex\00miktex\graphics.cfg"
File: graphics.cfg 2007/01/18 v1.5 graphics configuration of teTeX/TeXLive
)
Package graphics Info: Driver file: pdftex.def on input line 91.

("C:\Program Files (x86)\MiKTeX 2.9\tex\latex\pdftex-def\pdftex.def"
File: pdftex.def 2011/05/27 v0.06d Graphics/color for pdfTeX

("C:\Program Files (x86)\MiKTeX 2.9\tex\generic\oberdiek\infwarerr.sty"
Package: infwarerr 2010/04/08 v1.3 Providing info/warning/error messages (HO)
)
("C:\Program Files (x86)\MiKTeX 2.9\tex\generic\oberdiek\ltxcmds.sty"
Package: ltxcmds 2011/11/09 v1.22 LaTeX kernel commands for general use (HO)
)
\Gread@gobject=\count99
))
\Gin@req@height=\dimen112
\Gin@req@width=\dimen113
)
("C:\Program Files (x86)\MiKTeX 2.9\tex\latex\floatrow\floatrow.sty"
Package: floatrow 2008/08/02 v0.3b floatrow: float package extension

("C:\Program Files (x86)\MiKTeX 2.9\tex\latex\caption\caption3.sty"
Package: caption3 2013/02/03 v1.5-62 caption3 kernel (AR)
\captionmargin=\dimen114
\captionmargin@=\dimen115
\captionwidth=\dimen116
\caption@tempdima=\dimen117
\caption@indent=\dimen118
\caption@parindent=\dimen119
\caption@hangindent=\dimen120
)
\c@float@type=\count100
\float@exts=\toks20
\float@box=\box28
\@floatcapt=\box29
Package floatrow Info: Modified float package code loaded on input line 455.
Package floatrow Info: Modified rotfloat package code loaded on input line 473.

\FR@everyfloat=\toks21
\flrow@foot=\insert233
\FB@wd=\dimen121
\FBo@wd=\dimen122
\FBc@wd=\dimen123
\FBo@ht=\skip46
\FBc@ht=\skip47
\FBf@ht=\skip48
\FBo@max=\skip49
\FBc@max=\skip50
\FBf@max=\skip51
\c@FBl@b=\count101
\floatbox@depth=\count102
\c@FRobj=\count103
\c@FRsobj=\count104
\Xhsize=\skip52
\sXhsize=\skip53
\Zhsize=\skip54
\sZhsize=\skip55
\flrow@rowbox=\box30
\FR@Zunitlength=\dimen124
\c@FBcnt=\count105
\FPOScnt=\count106
\LTleft=\skip56
\LTright=\skip57
\LTleft=\skip58
\LTright=\skip59
\flrow@types=\toks22
)
("C:\Program Files (x86)\MiKTeX 2.9\tex\latex\amsfonts\amssymb.sty"
Package: amssymb 2009/06/22 v3.00

("C:\Program Files (x86)\MiKTeX 2.9\tex\latex\amsfonts\amsfonts.sty"
Package: amsfonts 2009/06/22 v3.00 Basic AMSFonts support
\symAMSa=\mathgroup4
\symAMSb=\mathgroup5
LaTeX Font Info:    Overwriting math alphabet `\mathfrak' in version `bold'
(Font)                  U/euf/m/n --> U/euf/b/n on input line 96.
))
("C:\Program Files (x86)\MiKTeX 2.9\tex\latex\subfig\subfig.sty"
Package: subfig 2005/06/28 ver: 1.3 subfig package

("C:\Program Files (x86)\MiKTeX 2.9\tex\latex\caption\caption.sty"
Package: caption 2013/02/03 v3.3-65 Customizing captions (AR)
\c@ContinuedFloat=\count107
Package caption Info: float package is loaded.
Package caption Info: floatrow package is loaded.
)
\c@KVtest=\count108
\sf@farskip=\skip60
\sf@captopadj=\dimen125
\sf@capskip=\skip61
\sf@nearskip=\skip62
\c@subfigure=\count109
\c@subfigure@save=\count110
\c@lofdepth=\count111
\c@subtable=\count112
\c@subtable@save=\count113
\c@lotdepth=\count114
\sf@top=\skip63
\sf@bottom=\skip64
)
("C:\Program Files (x86)\MiKTeX 2.9\tex\latex\rotating\rotating.sty"
Package: rotating 2009/03/28 v2.16a rotated objects in LaTeX

("C:\Program Files (x86)\MiKTeX 2.9\tex\latex\base\ifthen.sty"
Package: ifthen 2001/05/26 v1.1c Standard LaTeX ifthen package (DPC)
)
\c@r@tfl@t=\count115
\rotFPtop=\skip65
\rotFPbot=\skip66
\rot@float@box=\box31
\rot@mess@toks=\toks23
)
("C:\Program Files (x86)\MiKTeX 2.9\tex\latex\hyperref\hyperref.sty"
Package: hyperref 2012/05/13 v6.82q Hypertext links for LaTeX

("C:\Program Files (x86)\MiKTeX 2.9\tex\generic\oberdiek\hobsub-hyperref.sty"
Package: hobsub-hyperref 2012/04/25 v1.12 Bundle oberdiek, subset hyperref (HO)


("C:\Program Files (x86)\MiKTeX 2.9\tex\generic\oberdiek\hobsub-generic.sty"
Package: hobsub-generic 2012/04/25 v1.12 Bundle oberdiek, subset generic (HO)
Package: hobsub 2012/04/25 v1.12 Construct package bundles (HO)
Package hobsub Info: Skipping package `infwarerr' (already loaded).
Package hobsub Info: Skipping package `ltxcmds' (already loaded).
Package: ifluatex 2010/03/01 v1.3 Provides the ifluatex switch (HO)
Package ifluatex Info: LuaTeX not detected.
Package: ifvtex 2010/03/01 v1.5 Detect VTeX and its facilities (HO)
Package ifvtex Info: VTeX not detected.
Package: intcalc 2007/09/27 v1.1 Expandable calculations with integers (HO)
Package: ifpdf 2011/01/30 v2.3 Provides the ifpdf switch (HO)
Package ifpdf Info: pdfTeX in PDF mode is detected.
Package: etexcmds 2011/02/16 v1.5 Avoid name clashes with e-TeX commands (HO)
Package etexcmds Info: Could not find \expanded.
(etexcmds)             That can mean that you are not using pdfTeX 1.50 or
(etexcmds)             that some package has redefined \expanded.
(etexcmds)             In the latter case, load this package earlier.
Package: kvsetkeys 2012/04/25 v1.16 Key value parser (HO)
Package: kvdefinekeys 2011/04/07 v1.3 Define keys (HO)
Package: pdftexcmds 2011/11/29 v0.20 Utility functions of pdfTeX for LuaTeX (HO
)
Package pdftexcmds Info: LuaTeX not detected.
Package pdftexcmds Info: \pdf@primitive is available.
Package pdftexcmds Info: \pdf@ifprimitive is available.
Package pdftexcmds Info: \pdfdraftmode found.
Package: pdfescape 2011/11/25 v1.13 Implements pdfTeX's escape features (HO)
Package: bigintcalc 2012/04/08 v1.3 Expandable calculations on big integers (HO
)
Package: bitset 2011/01/30 v1.1 Handle bit-vector datatype (HO)
Package: uniquecounter 2011/01/30 v1.2 Provide unlimited unique counter (HO)
)
Package hobsub Info: Skipping package `hobsub' (already loaded).
Package: letltxmacro 2010/09/02 v1.4 Let assignment for LaTeX macros (HO)
Package: hopatch 2011/06/24 v1.1 Wrapper for package hooks (HO)
Package: xcolor-patch 2011/01/30 xcolor patch
Package: atveryend 2011/06/30 v1.8 Hooks at the very end of document (HO)
Package atveryend Info: \enddocument detected (standard20110627).
Package: atbegshi 2011/10/05 v1.16 At begin shipout hook (HO)
Package: refcount 2011/10/16 v3.4 Data extraction from label references (HO)
Package: hycolor 2011/01/30 v1.7 Color options for hyperref/bookmark (HO)
)
("C:\Program Files (x86)\MiKTeX 2.9\tex\generic\ifxetex\ifxetex.sty"
Package: ifxetex 2010/09/12 v0.6 Provides ifxetex conditional
)
("C:\Program Files (x86)\MiKTeX 2.9\tex\latex\oberdiek\kvoptions.sty"
Package: kvoptions 2011/06/30 v3.11 Key value format for package options (HO)
)
\@linkdim=\dimen126
\Hy@linkcounter=\count116
\Hy@pagecounter=\count117

("C:\Program Files (x86)\MiKTeX 2.9\tex\latex\hyperref\pd1enc.def"
File: pd1enc.def 2012/05/13 v6.82q Hyperref: PDFDocEncoding definition (HO)
)
\Hy@SavedSpaceFactor=\count118

("C:\Program Files (x86)\MiKTeX 2.9\tex\latex\00miktex\hyperref.cfg"
File: hyperref.cfg 2002/06/06 v1.2 hyperref configuration of TeXLive
)
Package hyperref Info: Hyper figures OFF on input line 4062.
Package hyperref Info: Link nesting OFF on input line 4067.
Package hyperref Info: Hyper index ON on input line 4070.
Package hyperref Info: Plain pages OFF on input line 4077.
Package hyperref Info: Backreferencing OFF on input line 4082.
Package hyperref Info: Implicit mode ON; LaTeX internals redefined.
Package hyperref Info: Bookmarks ON on input line 4300.
\c@Hy@tempcnt=\count119

("C:\Program Files (x86)\MiKTeX 2.9\tex\latex\ltxmisc\url.sty"
\Urlmuskip=\muskip11
Package: url 2006/04/12  ver 3.3  Verb mode for urls, etc.
)
LaTeX Info: Redefining \url on input line 4653.
\Fld@menulength=\count120
\Field@Width=\dimen127
\Fld@charsize=\dimen128
Package hyperref Info: Hyper figures OFF on input line 5773.
Package hyperref Info: Link nesting OFF on input line 5778.
Package hyperref Info: Hyper index ON on input line 5781.
Package hyperref Info: backreferencing OFF on input line 5788.
Package hyperref Info: Link coloring OFF on input line 5793.
Package hyperref Info: Link coloring with OCG OFF on input line 5798.
Package hyperref Info: PDF/A mode OFF on input line 5803.
LaTeX Info: Redefining \ref on input line 5843.
LaTeX Info: Redefining \pageref on input line 5847.
\Hy@abspage=\count121
\c@Item=\count122
\c@Hfootnote=\count123
)

Package hyperref Message: Driver (autodetected): hpdftex.

("C:\Program Files (x86)\MiKTeX 2.9\tex\latex\hyperref\hpdftex.def"
File: hpdftex.def 2012/05/13 v6.82q Hyperref driver for pdfTeX
\Fld@listcount=\count124
\c@bookmark@seq@number=\count125

("C:\Program Files (x86)\MiKTeX 2.9\tex\latex\oberdiek\rerunfilecheck.sty"
Package: rerunfilecheck 2011/04/15 v1.7 Rerun checks for auxiliary files (HO)
Package uniquecounter Info: New unique counter `rerunfilecheck' on input line 2
82.
)
\Hy@SectionHShift=\skip67
)
("C:\Program Files (x86)\MiKTeX 2.9\tex\latex\tools\verbatim.sty"
Package: verbatim 2003/08/22 v1.5q LaTeX2e package for verbatim enhancements
\every@verbatim=\toks24
\verbatim@line=\toks25
\verbatim@in@stream=\read1
)
("C:\Program Files (x86)\MiKTeX 2.9\tex\latex\mh\mathtools.sty"
Package: mathtools 2013/02/12 v1.13 mathematical typesetting tools

("C:\Program Files (x86)\MiKTeX 2.9\tex\latex\tools\calc.sty"
Package: calc 2007/08/22 v4.3 Infix arithmetic (KKT,FJ)
\calc@Acount=\count126
\calc@Bcount=\count127
\calc@Adimen=\dimen129
\calc@Bdimen=\dimen130
\calc@Askip=\skip68
\calc@Bskip=\skip69
LaTeX Info: Redefining \setlength on input line 76.
LaTeX Info: Redefining \addtolength on input line 77.
\calc@Ccount=\count128
\calc@Cskip=\skip70
)
("C:\Program Files (x86)\MiKTeX 2.9\tex\latex\mh\mhsetup.sty"
Package: mhsetup 2010/01/21 v1.2a programming setup (MH)
)
LaTeX Info: Thecontrolsequence`\['isalreadyrobust on input line 129.
LaTeX Info: Thecontrolsequence`\]'isalreadyrobust on input line 129.
\g_MT_multlinerow_int=\count129
\l_MT_multwidth_dim=\dimen131
\origjot=\skip71
\l_MT_shortvdotswithinadjustabove_dim=\dimen132
\l_MT_shortvdotswithinadjustbelow_dim=\dimen133
\l_MT_above_intertext_sep=\dimen134
\l_MT_below_intertext_sep=\dimen135
\l_MT_above_shortintertext_sep=\dimen136
\l_MT_below_shortintertext_sep=\dimen137
)
("C:\Program Files (x86)\MiKTeX 2.9\tex\latex\ltxmisc\relsize.sty"
Package: relsize 2003/07/04 ver 3.1
)
("C:\Program Files (x86)\MiKTeX 2.9\tex\latex\base\fontenc.sty"
Package: fontenc 2005/09/27 v1.99g Standard LaTeX package

("C:\Program Files (x86)\MiKTeX 2.9\tex\latex\base\t1enc.def"
File: t1enc.def 2005/09/27 v1.99g Standard LaTeX file
LaTeX Font Info:    Redeclaring font encoding T1 on input line 43.
))
("C:\Program Files (x86)\MiKTeX 2.9\tex\latex\base\inputenc.sty"
Package: inputenc 2008/03/30 v1.1d Input encoding file
\inpenc@prehook=\toks26
\inpenc@posthook=\toks27

("C:\Program Files (x86)\MiKTeX 2.9\tex\latex\base\utf8.def"
File: utf8.def 2008/04/05 v1.1m UTF-8 support for inputenc
Now handling font encoding OML ...
... no UTF-8 mapping file for font encoding OML
Now handling font encoding T1 ...
... processing UTF-8 mapping file for font encoding T1

("C:\Program Files (x86)\MiKTeX 2.9\tex\latex\base\t1enc.dfu"
File: t1enc.dfu 2008/04/05 v1.1m UTF-8 support for inputenc
   defining Unicode char U+00A1 (decimal 161)
   defining Unicode char U+00A3 (decimal 163)
   defining Unicode char U+00AB (decimal 171)
   defining Unicode char U+00BB (decimal 187)
   defining Unicode char U+00BF (decimal 191)
   defining Unicode char U+00C0 (decimal 192)
   defining Unicode char U+00C1 (decimal 193)
   defining Unicode char U+00C2 (decimal 194)
   defining Unicode char U+00C3 (decimal 195)
   defining Unicode char U+00C4 (decimal 196)
   defining Unicode char U+00C5 (decimal 197)
   defining Unicode char U+00C6 (decimal 198)
   defining Unicode char U+00C7 (decimal 199)
   defining Unicode char U+00C8 (decimal 200)
   defining Unicode char U+00C9 (decimal 201)
   defining Unicode char U+00CA (decimal 202)
   defining Unicode char U+00CB (decimal 203)
   defining Unicode char U+00CC (decimal 204)
   defining Unicode char U+00CD (decimal 205)
   defining Unicode char U+00CE (decimal 206)
   defining Unicode char U+00CF (decimal 207)
   defining Unicode char U+00D0 (decimal 208)
   defining Unicode char U+00D1 (decimal 209)
   defining Unicode char U+00D2 (decimal 210)
   defining Unicode char U+00D3 (decimal 211)
   defining Unicode char U+00D4 (decimal 212)
   defining Unicode char U+00D5 (decimal 213)
   defining Unicode char U+00D6 (decimal 214)
   defining Unicode char U+00D8 (decimal 216)
   defining Unicode char U+00D9 (decimal 217)
   defining Unicode char U+00DA (decimal 218)
   defining Unicode char U+00DB (decimal 219)
   defining Unicode char U+00DC (decimal 220)
   defining Unicode char U+00DD (decimal 221)
   defining Unicode char U+00DE (decimal 222)
   defining Unicode char U+00DF (decimal 223)
   defining Unicode char U+00E0 (decimal 224)
   defining Unicode char U+00E1 (decimal 225)
   defining Unicode char U+00E2 (decimal 226)
   defining Unicode char U+00E3 (decimal 227)
   defining Unicode char U+00E4 (decimal 228)
   defining Unicode char U+00E5 (decimal 229)
   defining Unicode char U+00E6 (decimal 230)
   defining Unicode char U+00E7 (decimal 231)
   defining Unicode char U+00E8 (decimal 232)
   defining Unicode char U+00E9 (decimal 233)
   defining Unicode char U+00EA (decimal 234)
   defining Unicode char U+00EB (decimal 235)
   defining Unicode char U+00EC (decimal 236)
   defining Unicode char U+00ED (decimal 237)
   defining Unicode char U+00EE (decimal 238)
   defining Unicode char U+00EF (decimal 239)
   defining Unicode char U+00F0 (decimal 240)
   defining Unicode char U+00F1 (decimal 241)
   defining Unicode char U+00F2 (decimal 242)
   defining Unicode char U+00F3 (decimal 243)
   defining Unicode char U+00F4 (decimal 244)
   defining Unicode char U+00F5 (decimal 245)
   defining Unicode char U+00F6 (decimal 246)
   defining Unicode char U+00F8 (decimal 248)
   defining Unicode char U+00F9 (decimal 249)
   defining Unicode char U+00FA (decimal 250)
   defining Unicode char U+00FB (decimal 251)
   defining Unicode char U+00FC (decimal 252)
   defining Unicode char U+00FD (decimal 253)
   defining Unicode char U+00FE (decimal 254)
   defining Unicode char U+00FF (decimal 255)
   defining Unicode char U+0102 (decimal 258)
   defining Unicode char U+0103 (decimal 259)
   defining Unicode char U+0104 (decimal 260)
   defining Unicode char U+0105 (decimal 261)
   defining Unicode char U+0106 (decimal 262)
   defining Unicode char U+0107 (decimal 263)
   defining Unicode char U+010C (decimal 268)
   defining Unicode char U+010D (decimal 269)
   defining Unicode char U+010E (decimal 270)
   defining Unicode char U+010F (decimal 271)
   defining Unicode char U+0110 (decimal 272)
   defining Unicode char U+0111 (decimal 273)
   defining Unicode char U+0118 (decimal 280)
   defining Unicode char U+0119 (decimal 281)
   defining Unicode char U+011A (decimal 282)
   defining Unicode char U+011B (decimal 283)
   defining Unicode char U+011E (decimal 286)
   defining Unicode char U+011F (decimal 287)
   defining Unicode char U+0130 (decimal 304)
   defining Unicode char U+0131 (decimal 305)
   defining Unicode char U+0132 (decimal 306)
   defining Unicode char U+0133 (decimal 307)
   defining Unicode char U+0139 (decimal 313)
   defining Unicode char U+013A (decimal 314)
   defining Unicode char U+013D (decimal 317)
   defining Unicode char U+013E (decimal 318)
   defining Unicode char U+0141 (decimal 321)
   defining Unicode char U+0142 (decimal 322)
   defining Unicode char U+0143 (decimal 323)
   defining Unicode char U+0144 (decimal 324)
   defining Unicode char U+0147 (decimal 327)
   defining Unicode char U+0148 (decimal 328)
   defining Unicode char U+014A (decimal 330)
   defining Unicode char U+014B (decimal 331)
   defining Unicode char U+0150 (decimal 336)
   defining Unicode char U+0151 (decimal 337)
   defining Unicode char U+0152 (decimal 338)
   defining Unicode char U+0153 (decimal 339)
   defining Unicode char U+0154 (decimal 340)
   defining Unicode char U+0155 (decimal 341)
   defining Unicode char U+0158 (decimal 344)
   defining Unicode char U+0159 (decimal 345)
   defining Unicode char U+015A (decimal 346)
   defining Unicode char U+015B (decimal 347)
   defining Unicode char U+015E (decimal 350)
   defining Unicode char U+015F (decimal 351)
   defining Unicode char U+0160 (decimal 352)
   defining Unicode char U+0161 (decimal 353)
   defining Unicode char U+0162 (decimal 354)
   defining Unicode char U+0163 (decimal 355)
   defining Unicode char U+0164 (decimal 356)
   defining Unicode char U+0165 (decimal 357)
   defining Unicode char U+016E (decimal 366)
   defining Unicode char U+016F (decimal 367)
   defining Unicode char U+0170 (decimal 368)
   defining Unicode char U+0171 (decimal 369)
   defining Unicode char U+0178 (decimal 376)
   defining Unicode char U+0179 (decimal 377)
   defining Unicode char U+017A (decimal 378)
   defining Unicode char U+017B (decimal 379)
   defining Unicode char U+017C (decimal 380)
   defining Unicode char U+017D (decimal 381)
   defining Unicode char U+017E (decimal 382)
   defining Unicode char U+200C (decimal 8204)
   defining Unicode char U+2013 (decimal 8211)
   defining Unicode char U+2014 (decimal 8212)
   defining Unicode char U+2018 (decimal 8216)
   defining Unicode char U+2019 (decimal 8217)
   defining Unicode char U+201A (decimal 8218)
   defining Unicode char U+201C (decimal 8220)
   defining Unicode char U+201D (decimal 8221)
   defining Unicode char U+201E (decimal 8222)
   defining Unicode char U+2030 (decimal 8240)
   defining Unicode char U+2031 (decimal 8241)
   defining Unicode char U+2039 (decimal 8249)
   defining Unicode char U+203A (decimal 8250)
   defining Unicode char U+2423 (decimal 9251)
)
Now handling font encoding OT1 ...
... processing UTF-8 mapping file for font encoding OT1

("C:\Program Files (x86)\MiKTeX 2.9\tex\latex\base\ot1enc.dfu"
File: ot1enc.dfu 2008/04/05 v1.1m UTF-8 support for inputenc
   defining Unicode char U+00A1 (decimal 161)
   defining Unicode char U+00A3 (decimal 163)
   defining Unicode char U+00B8 (decimal 184)
   defining Unicode char U+00BF (decimal 191)
   defining Unicode char U+00C5 (decimal 197)
   defining Unicode char U+00C6 (decimal 198)
   defining Unicode char U+00D8 (decimal 216)
   defining Unicode char U+00DF (decimal 223)
   defining Unicode char U+00E6 (decimal 230)
   defining Unicode char U+00EC (decimal 236)
   defining Unicode char U+00ED (decimal 237)
   defining Unicode char U+00EE (decimal 238)
   defining Unicode char U+00EF (decimal 239)
   defining Unicode char U+00F8 (decimal 248)
   defining Unicode char U+0131 (decimal 305)
   defining Unicode char U+0141 (decimal 321)
   defining Unicode char U+0142 (decimal 322)
   defining Unicode char U+0152 (decimal 338)
   defining Unicode char U+0153 (decimal 339)
   defining Unicode char U+2013 (decimal 8211)
   defining Unicode char U+2014 (decimal 8212)
   defining Unicode char U+2018 (decimal 8216)
   defining Unicode char U+2019 (decimal 8217)
   defining Unicode char U+201C (decimal 8220)
   defining Unicode char U+201D (decimal 8221)
)
Now handling font encoding OMS ...
... processing UTF-8 mapping file for font encoding OMS

("C:\Program Files (x86)\MiKTeX 2.9\tex\latex\base\omsenc.dfu"
File: omsenc.dfu 2008/04/05 v1.1m UTF-8 support for inputenc
   defining Unicode char U+00A7 (decimal 167)
   defining Unicode char U+00B6 (decimal 182)
   defining Unicode char U+00B7 (decimal 183)
   defining Unicode char U+2020 (decimal 8224)
   defining Unicode char U+2021 (decimal 8225)
   defining Unicode char U+2022 (decimal 8226)
)
Now handling font encoding OMX ...
... no UTF-8 mapping file for font encoding OMX
Now handling font encoding U ...
... no UTF-8 mapping file for font encoding U
Now handling font encoding PD1 ...
... no UTF-8 mapping file for font encoding PD1
   defining Unicode char U+00A9 (decimal 169)
   defining Unicode char U+00AA (decimal 170)
   defining Unicode char U+00AE (decimal 174)
   defining Unicode char U+00BA (decimal 186)
   defining Unicode char U+02C6 (decimal 710)
   defining Unicode char U+02DC (decimal 732)
   defining Unicode char U+200C (decimal 8204)
   defining Unicode char U+2026 (decimal 8230)
   defining Unicode char U+2122 (decimal 8482)
   defining Unicode char U+2423 (decimal 9251)
))
("C:\Program Files (x86)\MiKTeX 2.9\tex\latex\appendix\appendix.sty"
Package: appendix 2009/09/02 v1.2b extra appendix facilities
\c@@pps=\count130
\c@@ppsavesec=\count131
\c@@ppsaveapp=\count132
)
("C:\Program Files (x86)\MiKTeX 2.9\tex\latex\tools\longtable.sty"
Package: longtable 2004/02/01 v4.11 Multi-page Table package (DPC)
\LTleft=\skip72
\LTright=\skip73
\LTpre=\skip74
\LTpost=\skip75
\LTchunksize=\count133
\LTcapwidth=\dimen138
\LT@head=\box32
\LT@firsthead=\box33
\LT@foot=\box34
\LT@lastfoot=\box35
\LT@cols=\count134
\LT@rows=\count135
\c@LT@tables=\count136
\c@LT@chunks=\count137
\LT@p@ftn=\toks28
)
("C:\Program Files (x86)\MiKTeX 2.9\tex\latex\tools\afterpage.sty"
Package: afterpage 1995/10/27 v1.08 After-Page Package (DPC)
\AP@output=\toks29
\AP@partial=\box36
\AP@footins=\box37
)
("C:\Program Files (x86)\MiKTeX 2.9\tex\latex\geometry\geometry.sty"
Package: geometry 2010/09/12 v5.6 Page Geometry
\Gm@cnth=\count138
\Gm@cntv=\count139
\c@Gm@tempcnt=\count140
\Gm@bindingoffset=\dimen139
\Gm@wd@mp=\dimen140
\Gm@odd@mp=\dimen141
\Gm@even@mp=\dimen142
\Gm@layoutwidth=\dimen143
\Gm@layoutheight=\dimen144
\Gm@layouthoffset=\dimen145
\Gm@layoutvoffset=\dimen146
\Gm@dimlist=\toks30

("C:\Program Files (x86)\MiKTeX 2.9\tex\latex\geometry\geometry.cfg"))
("C:\Program Files (x86)\MiKTeX 2.9\tex\latex\oberdiek\epstopdf.sty"
Package: epstopdf 2010/02/09 v2.5 Conversion with epstopdf on the fly (HO)

("C:\Program Files (x86)\MiKTeX 2.9\tex\latex\oberdiek\epstopdf-base.sty"
Package: epstopdf-base 2010/02/09 v2.5 Base part for package epstopdf

("C:\Program Files (x86)\MiKTeX 2.9\tex\latex\oberdiek\grfext.sty"
Package: grfext 2010/08/19 v1.1 Manage graphics extensions (HO)
)
Package grfext Info: Graphics extension search list:
(grfext)             [.png,.pdf,.jpg,.mps,.jpeg,.jbig2,.jb2,.PNG,.PDF,.JPG,.JPE
G,.JBIG2,.JB2,.eps]
(grfext)             \AppendGraphicsExtensions on input line 452.
))
("C:\Program Files (x86)\MiKTeX 2.9\tex\latex\base\latexsym.sty"
Package: latexsym 1998/08/17 v2.2e Standard LaTeX package (lasy symbols)
\symlasy=\mathgroup6
LaTeX Font Info:    Overwriting symbol font `lasy' in version `bold'
(Font)                  U/lasy/m/n --> U/lasy/b/n on input line 47.
)
("C:\Program Files (x86)\MiKTeX 2.9\tex\latex\graphics\color.sty"
Package: color 2005/11/14 v1.0j Standard LaTeX Color (DPC)

("C:\Program Files (x86)\MiKTeX 2.9\tex\latex\00miktex\color.cfg"
File: color.cfg 2007/01/18 v1.5 color configuration of teTeX/TeXLive
)
Package color Info: Driver file: pdftex.def on input line 130.
)
("C:\Program Files (x86)\MiKTeX 2.9\tex\latex\tools\array.sty"
Package: array 2008/09/09 v2.4c Tabular extension package (FMi)
\col@sep=\dimen147
\extrarowheight=\dimen148
\NC@list=\toks31
\extratabsurround=\skip76
\backup@length=\skip77
)
("C:\Program Files (x86)\MiKTeX 2.9\tex\latex\wasysym\wasysym.sty"
Package: wasysym 2003/10/30 v2.0 Wasy-2 symbol support package
\symwasy=\mathgroup7
LaTeX Font Info:    Overwriting symbol font `wasy' in version `bold'
(Font)                  U/wasy/m/n --> U/wasy/b/n on input line 90.
)
("C:\Program Files (x86)\MiKTeX 2.9\tex\latex\setspace\setspace.sty"
Package: setspace 2011/12/19 v6.7a set line spacing
)
(C:\Users\Richard\Desktop\Thesis\Intro\MainThesis.aux
(C:\Users\Richard\Desktop\Thesis\Intro\Abstract.aux)
(C:\Users\Richard\Desktop\Thesis\Intro\TitlePage.aux)
(C:\Users\Richard\Desktop\Thesis\Intro\Acknowledgments.aux)
(C:\Users\Richard\Desktop\Thesis\Intro\ChapterOne.aux)
(C:\Users\Richard\Desktop\Thesis\Intro\ChapterTwo.aux)
(C:\Users\Richard\Desktop\Thesis\Intro\ChapterThree.aux)
(C:\Users\Richard\Desktop\Thesis\Intro\ChapterFour.aux))
LaTeX Font Info:    Checking defaults for OML/cmm/m/it on input line 66.
LaTeX Font Info:    ... okay on input line 66.
LaTeX Font Info:    Checking defaults for T1/cmr/m/n on input line 66.
LaTeX Font Info:    ... okay on input line 66.
LaTeX Font Info:    Checking defaults for OT1/cmr/m/n on input line 66.
LaTeX Font Info:    ... okay on input line 66.
LaTeX Font Info:    Checking defaults for OMS/cmsy/m/n on input line 66.
LaTeX Font Info:    ... okay on input line 66.
LaTeX Font Info:    Checking defaults for OMX/cmex/m/n on input line 66.
LaTeX Font Info:    ... okay on input line 66.
LaTeX Font Info:    Checking defaults for U/cmr/m/n on input line 66.
LaTeX Font Info:    ... okay on input line 66.
LaTeX Font Info:    Checking defaults for PD1/pdf/m/n on input line 66.
LaTeX Font Info:    ... okay on input line 66.

("C:\Program Files (x86)\MiKTeX 2.9\tex\context\base\supp-pdf.mkii"
[Loading MPS to PDF converter (version 2006.09.02).]
\scratchcounter=\count141
\scratchdimen=\dimen149
\scratchbox=\box38
\nofMPsegments=\count142
\nofMParguments=\count143
\everyMPshowfont=\toks32
\MPscratchCnt=\count144
\MPscratchDim=\dimen150
\MPnumerator=\count145
\makeMPintoPDFobject=\count146
\everyMPtoPDFconversion=\toks33
)
Package caption Info: Begin \AtBeginDocument code.
Package caption Info: subfig package v1.3 is loaded.
Package caption Info: hyperref package is loaded.
Package caption Info: longtable package is loaded.
 ("C:\Program Files (x86)\MiKTeX 2.9\tex\latex\caption\ltcaption.sty"
Package: ltcaption 2013/02/03 v1.3-62 longtable captions (AR)
)
Package caption Info: rotating package is loaded.
Package caption Info: End \AtBeginDocument code.

("C:\Program Files (x86)\MiKTeX 2.9\tex\latex\floatrow\fr-subfig.sty"
Package: fr-subfig 2007/12/24 v0.1g (beta) floatrow: additions for subfig
\FBsc@max=\skip78
\FBso@max=\skip79
)
("C:\Program Files (x86)\MiKTeX 2.9\tex\latex\floatrow\fr-longtable.sty"
Package: fr-longtable 2007/11/28 v0.1b (beta) floatrow: additions for longtable

\flrow@LT@lasthead=\box39
\flrow@LT@prelastfoot=\box40
\c@FBLTpage=\count147
)
\AtBeginShipoutBox=\box41
Package hyperref Info: Link coloring OFF on input line 66.

("C:\Program Files (x86)\MiKTeX 2.9\tex\latex\hyperref\nameref.sty"
Package: nameref 2010/04/30 v2.40 Cross-referencing by name of section

("C:\Program Files (x86)\MiKTeX 2.9\tex\generic\oberdiek\gettitlestring.sty"
Package: gettitlestring 2010/12/03 v1.4 Cleanup title references (HO)
)
\c@section@level=\count148
)
LaTeX Info: Redefining \ref on input line 66.
LaTeX Info: Redefining \pageref on input line 66.
LaTeX Info: Redefining \nameref on input line 66.

(C:\Users\Richard\Desktop\Thesis\Intro\MainThesis.out)
(C:\Users\Richard\Desktop\Thesis\Intro\MainThesis.out)
\@outlinefile=\write3

*geometry* driver: auto-detecting
*geometry* detected driver: pdftex
*geometry* verbose mode - [ preamble ] result:
* driver: pdftex
* paper: a4paper
* layout: <same size as paper>
* layoutoffset:(h,v)=(0.0pt,0.0pt)
* modes: 
* h-part:(L,W,R)=(89.62709pt, 418.25368pt, 89.6271pt)
* v-part:(T,H,B)=(101.40665pt, 591.5302pt, 152.11pt)
* \paperwidth=597.50787pt
* \paperheight=845.04684pt
* \textwidth=418.25368pt
* \textheight=591.5302pt
* \oddsidemargin=17.3571pt
* \evensidemargin=17.3571pt
* \topmargin=-7.86334pt
* \headheight=12.0pt
* \headsep=25.0pt
* \topskip=12.0pt
* \footskip=30.0pt
* \marginparwidth=35.0pt
* \marginparsep=10.0pt
* \columnsep=10.0pt
* \skip\footins=10.8pt plus 4.0pt minus 2.0pt
* \hoffset=0.0pt
* \voffset=0.0pt
* \mag=1000
* \@twocolumnfalse
* \@twosidefalse
* \@mparswitchfalse
* \@reversemarginfalse
* (1in=72.27pt=25.4mm, 1cm=28.453pt)

(C:\Users\Richard\Desktop\Thesis\Intro\Abstract.tex
LaTeX Font Info:    Try loading font information for U+msa on input line 9.

("C:\Program Files (x86)\MiKTeX 2.9\tex\latex\amsfonts\umsa.fd"
File: umsa.fd 2009/06/22 v3.00 AMS symbols A
)
LaTeX Font Info:    Try loading font information for U+msb on input line 9.

("C:\Program Files (x86)\MiKTeX 2.9\tex\latex\amsfonts\umsb.fd"
File: umsb.fd 2009/06/22 v3.00 AMS symbols B
)
LaTeX Font Info:    Try loading font information for U+lasy on input line 9.

("C:\Program Files (x86)\MiKTeX 2.9\tex\latex\base\ulasy.fd"
File: ulasy.fd 1998/08/17 v2.2e LaTeX symbol font definitions
)
LaTeX Font Info:    Try loading font information for U+wasy on input line 9.

("C:\Program Files (x86)\MiKTeX 2.9\tex\latex\wasysym\uwasy.fd"
File: uwasy.fd 2003/10/30 v2.0 Wasy-2 symbol font definitions
)
Overfull \hbox (21.1623pt too wide) in paragraph at lines 9--16
 [][] 
 []

) [1


{C:/ProgramData/MiKTeX/2.9/pdftex/config/pdftex.map}]
(C:\Users\Richard\Desktop\Thesis\Intro\TitlePage.tex
Underfull \hbox (badness 10000) in paragraph at lines 27--34

 []

pdfTeX warning (ext4): destination with the same identifier (name{page.}) has b
een already used, duplicate ignored
<to be read again> 
                   \relax 
l.34 \clearpage
                [1


]) (C:\Users\Richard\Desktop\Thesis\Intro\Acknowledgments.tex) [1



] (C:\Users\Richard\Desktop\Thesis\Intro\MainThesis.toc [2

])
\tf@toc=\write4

(C:\Users\Richard\Desktop\Thesis\Intro\MainThesis.lot)
\tf@lot=\write5

(C:\Users\Richard\Desktop\Thesis\Intro\MainThesis.lof [3]
Overfull \hbox (0.30695pt too wide) in paragraph at lines 14--14
 [][] [][]\T1/cmr/m/n/12 Depiction of the LUX PMT sup-ports, PTFE pan-els, and 
field cage [[]].[] [][]  
 []

[4] [5])
\tf@lof=\write6
 [6] (C:\Users\Richard\Desktop\Thesis\Intro\ChapterOne.tex [1

]
<RotationCurve2.png, id=484, 466.74374pt x 421.575pt>
File: RotationCurve2.png Graphic file (type png)
 <use RotationCurve2.png>
Package pdftex.def Info: RotationCurve2.png used on input line 16.
(pdftex.def)             Requested size: 326.71838pt x 295.10048pt.


Package caption Warning: The option `hypcap=true' will be ignored for this
(caption)                particular \caption on input line 17.
See the caption package documentation for explanation.

[2 <C:/Users/Richard/Desktop/Thesis/Intro/RotationCurve2.png>] [3] [4] [5]
[6] [7] [8] [9] [10] [11]
<LensEqFigure.png, id=607, 432.11438pt x 645.16031pt>
File: LensEqFigure.png Graphic file (type png)
 <use LensEqFigure.png>
Package pdftex.def Info: LensEqFigure.png used on input line 214.
(pdftex.def)             Requested size: 172.84268pt x 258.05954pt.


Package caption Warning: The option `hypcap=true' will be ignored for this
(caption)                particular \caption on input line 215.
See the caption package documentation for explanation.

[12] [13 <C:/Users/Richard/Desktop/Thesis/Intro/LensEqFigure.png>]
LaTeX Font Info:    Font shape `U/lasy/b/n' in size <8> not available
(Font)              Font shape `U/lasy/m/n' tried instead on input line 221.
LaTeX Font Info:    Font shape `U/lasy/b/n' in size <6> not available
(Font)              Font shape `U/lasy/m/n' tried instead on input line 221.


LaTeX Font Warning: Font shape `U/wasy/b/n' in size <8> not available
(Font)              Font shape `U/wasy/m/n' tried instead on input line 221.


LaTeX Font Warning: Font shape `U/wasy/b/n' in size <6> not available
(Font)              Font shape `U/wasy/m/n' tried instead on input line 221.

[14] <GammaOneGammaTwo.png, id=640, 813.0375pt x 633.86812pt>
File: GammaOneGammaTwo.png Graphic file (type png)

<use GammaOneGammaTwo.png>
Package pdftex.def Info: GammaOneGammaTwo.png used on input line 254.
(pdftex.def)             Requested size: 243.91313pt x 190.1619pt.


Package caption Warning: The option `hypcap=true' will be ignored for this
(caption)                particular \caption on input line 255.
See the caption package documentation for explanation.

[15] <bulletcluster.jpg, id=653, 335.00156pt x 228.855pt>
File: bulletcluster.jpg Graphic file (type jpg)

<use bulletcluster.jpg>
Package pdftex.def Info: bulletcluster.jpg used on input line 267.
(pdftex.def)             Requested size: 335.00073pt x 228.85443pt.


Package caption Warning: The option `hypcap=true' will be ignored for this
(caption)                particular \caption on input line 268.
See the caption package documentation for explanation.

[16 <C:/Users/Richard/Desktop/Thesis/Intro/GammaOneGammaTwo.png>] [17 <C:/Users
/Richard/Desktop/Thesis/Intro/bulletcluster.jpg>]
<CMB_Planck.jpg, id=666, 1114.1625pt x 557.08125pt>
File: CMB_Planck.jpg Graphic file (type jpg)
 <use CMB_Planck.jpg>
Package pdftex.def Info: CMB_Planck.jpg used on input line 279.
(pdftex.def)             Requested size: 334.25133pt x 167.12566pt.


Package caption Warning: The option `hypcap=true' will be ignored for this
(caption)                particular \caption on input line 280.
See the caption package documentation for explanation.

[18 <C:/Users/Richard/Desktop/Thesis/Intro/CMB_Planck.jpg>] [19]
<PS_Planck.png, id=687, 1017.04968pt x 542.77782pt>
File: PS_Planck.png Graphic file (type png)
 <use PS_Planck.png>
Package pdftex.def Info: PS_Planck.png used on input line 323.
(pdftex.def)             Requested size: 406.81267pt x 217.10727pt.


Package caption Warning: The option `hypcap=true' will be ignored for this
(caption)                particular \caption on input line 324.
See the caption package documentation for explanation.

[20 <C:/Users/Richard/Desktop/Thesis/Intro/PS_Planck.png>] [21]
<BAO.png, id=707, 542.77782pt x 209.28188pt>
File: BAO.png Graphic file (type png)
 <use BAO.png>
Package pdftex.def Info: BAO.png used on input line 337.
(pdftex.def)             Requested size: 379.94188pt x 146.49629pt.


Package caption Warning: The option `hypcap=true' will be ignored for this
(caption)                particular \caption on input line 338.
See the caption package documentation for explanation.

[22 <C:/Users/Richard/Desktop/Thesis/Intro/BAO.png>]

Package hyperref Warning: Token not allowed in a PDF string (PDFDocEncoding):
(hyperref)                removing `math shift' on input line 347.


Package hyperref Warning: Token not allowed in a PDF string (PDFDocEncoding):
(hyperref)                removing `\Lambda' on input line 347.


Package hyperref Warning: Token not allowed in a PDF string (PDFDocEncoding):
(hyperref)                removing `math shift' on input line 347.

[23] [24] [25] [26] <neutrinos.png, id=762, 943.27406pt x 503.63156pt>
File: neutrinos.png Graphic file (type png)

<use neutrinos.png>
Package pdftex.def Info: neutrinos.png used on input line 407.
(pdftex.def)             Requested size: 377.30293pt x 201.44905pt.


Package caption Warning: The option `hypcap=true' will be ignored for this
(caption)                particular \caption on input line 408.
See the caption package documentation for explanation.

[27 <C:/Users/Richard/Desktop/Thesis/Intro/neutrinos.png>] [28] [29] [30]
[31] <AxionSearch.jpg, id=804, 95.8782pt x 78.65385pt>
File: AxionSearch.jpg Graphic file (type jpg)
 <use AxionSearch.jpg>
Package pdftex.def Info: AxionSearch.jpg used on input line 440.
(pdftex.def)             Requested size: 287.63383pt x 235.96092pt.


Package caption Warning: The option `hypcap=true' will be ignored for this
(caption)                particular \caption on input line 441.
See the caption package documentation for explanation.

[32 <C:/Users/Richard/Desktop/Thesis/Intro/AxionSearch.jpg>]) [33]
(C:\Users\Richard\Desktop\Thesis\Intro\ChapterTwo.tex [34


]

LaTeX Warning: Citation `Fermit-LAT' on page 35 undefined on input line 15.

[35] [36] [37] [38] [39] [40] [41] [42] [43] [44] [45]
<Recoil-spectrum.png, id=942, 517.935pt x 477.9456pt>
File: Recoil-spectrum.png Graphic file (type png)

<use Recoil-spectrum.png>
Package pdftex.def Info: Recoil-spectrum.png used on input line 155.
(pdftex.def)             Requested size: 258.96686pt x 238.97221pt.


Package caption Warning: The option `hypcap=true' will be ignored for this
(caption)                particular \caption on input line 156.
See the caption package documentation for explanation.

[46 <C:/Users/Richard/Desktop/Thesis/Intro/Recoil-spectrum.png>] [47] [48]
[49] [50] [51]
Overfull \hbox (18.08284pt too wide) in paragraph at lines 200--201
[]\T1/cmr/m/n/12 The Cryo-genic Rare Event Search with Su-per-con-duct-ing Ther
-mome-ters (CRESST)
 []

) [52] [53] (C:\Users\Richard\Desktop\Thesis\Intro\ChapterThree.tex

LaTeX Warning: Reference `RecombSec' on page 54 undefined on input line 2.

<LUXevent.png, id=983, 632.3625pt x 515.67656pt>
File: LUXevent.png Graphic file (type png)
 <use LUXevent.png>
Package pdftex.def Info: LUXevent.png used on input line 7.
(pdftex.def)             Requested size: 316.18048pt x 257.83765pt.
 [54


]
[55 <C:/Users/Richard/Desktop/Thesis/Intro/LUXevent.png>]
<GammaBackgrounds.png, id=993, 536.75531pt x 508.90125pt>
File: GammaBackgrounds.png Graphic file (type png)

<use GammaBackgrounds.png>
Package pdftex.def Info: GammaBackgrounds.png used on input line 15.
(pdftex.def)             Requested size: 268.37698pt x 254.45pt.
 [56 <C:/Users/Richard/Desktop/Thesis/Intro/GammaBackgrounds.png>] <LuxCryostat
.png, id=999, 871.00406pt x 658.71094pt>
File: LuxCryostat.png Graphic file (type png)

<use LuxCryostat.png>
Package pdftex.def Info: LuxCryostat.png used on input line 29.
(pdftex.def)             Requested size: 391.94821pt x 296.41718pt.
 [57 <C:/Users/Richard/Desktop/Thesis/Intro/LuxCryostat.png>] [58] <LuxFieldCag
e.png, id=1010, 845.40843pt x 652.68843pt>
File: LuxFieldCage.png Graphic file (type png)

<use LuxFieldCage.png>
Package pdftex.def Info: LuxFieldCage.png used on input line 46.
(pdftex.def)             Requested size: 380.43027pt x 293.70708pt.


LaTeX Warning: `!h' float specifier changed to `!ht'.

[59] [60 <C:/Users/Richard/Desktop/Thesis/Intro/LuxFieldCage.png>] [61]
[62]

LaTeX Warning: Reference `BradleyThesis' on page 63 undefined on input line 72.


[63] <SAMdiagram.png, id=1035, 774.64406pt x 621.07031pt>
File: SAMdiagram.png Graphic file (type png)
 <use SAMdiagram.png>
Package pdftex.def Info: SAMdiagram.png used on input line 86.
(pdftex.def)             Requested size: 232.395pt x 186.32253pt.


LaTeX Warning: `!h' float specifier changed to `!ht'.

[64] <LuxWaterTank.png, id=1040, 855.94781pt x 609.02531pt>
File: LuxWaterTank.png Graphic file (type png)

<use LuxWaterTank.png>
Package pdftex.def Info: LuxWaterTank.png used on input line 97.
(pdftex.def)             Requested size: 299.58623pt x 213.16205pt.


LaTeX Warning: `!h' float specifier changed to `!ht'.

[65 <C:/Users/Richard/Desktop/Thesis/Intro/SAMdiagram.png>]
<LuxSourceTubes.png, id=1046, 309.40594pt x 646.66594pt>
File: LuxSourceTubes.png Graphic file (type png)

<use LuxSourceTubes.png>
Package pdftex.def Info: LuxSourceTubes.png used on input line 107.
(pdftex.def)             Requested size: 108.2937pt x 226.33646pt.
 [66 <C:/Users/Richard/Desktop/Thesis/Intro/LuxWaterTank.png>]

LaTeX Warning: Reference `StandardCalibrations' on page 67 undefined on input l
ine 115.

[67 <C:/Users/Richard/Desktop/Thesis/Intro/LuxSourceTubes.png>] [68] [69])
[70] (C:\Users\Richard\Desktop\Thesis\Intro\ChapterFour.tex [71


] [72] [73]
<TritiumPlumbing.png, id=1081, 640.64343pt x 455.45157pt>
File: TritiumPlumbing.png Graphic file (type png)

<use TritiumPlumbing.png>
Package pdftex.def Info: TritiumPlumbing.png used on input line 29.
(pdftex.def)             Requested size: 384.38902pt x 273.27304pt.


LaTeX Warning: `!h' float specifier changed to `!ht'.

[74] [75 <C:/Users/Richard/Desktop/Thesis/Intro/TritiumPlumbing.png>]
<GasSystem.png, id=1091, 561.59813pt x 864.22874pt>
File: GasSystem.png Graphic file (type png)
 <use GasSystem.png>
Package pdftex.def Info: GasSystem.png used on input line 50.
(pdftex.def)             Requested size: 308.87993pt x 475.32727pt.

[76] [77 <C:/Users/Richard/Desktop/Thesis/Intro/GasSystem.png>]
<GasPhaseRemoval_FlowRate.jpg, id=1103, 845.40843pt x 509.65407pt>
File: GasPhaseRemoval_FlowRate.jpg Graphic file (type jpg)

<use GasPhaseRemoval_FlowRate.jpg>
Package pdftex.def Info: GasPhaseRemoval_FlowRate.jpg used on input line 58.
(pdftex.def)             Requested size: 380.43027pt x 229.34221pt.

<GasPhaseRemoval_RestTime.jpg, id=1104, 794.2172pt x 527.72156pt>
File: GasPhaseRemoval_RestTime.jpg Graphic file (type jpg)

<use GasPhaseRemoval_RestTime.jpg>
Package pdftex.def Info: GasPhaseRemoval_RestTime.jpg used on input line 64.
(pdftex.def)             Requested size: 317.68124pt x 211.08488pt.
 [78 <C:/Users/Richard/Desktop/Thesis/Intro/GasPhaseRemoval_FlowRate.jpg>]
<UMDInjectionSys.png, id=1109, 423.83344pt x 465.23813pt>
File: UMDInjectionSys.png Graphic file (type png)

<use UMDInjectionSys.png>
Package pdftex.def Info: UMDInjectionSys.png used on input line 77.
(pdftex.def)             Requested size: 254.302pt x 279.14502pt.
 [79 <C:/Users/Richard/Desktop/Thesis/Intro/GasPhaseRemoval_RestTime.jpg>] [80 
<C:/Users/Richard/Desktop/Thesis/Intro/UMDInjectionSys.png>] <UMDCryo.png, id=1
119, 219.82124pt x 416.30531pt>
File: UMDCryo.png Graphic file (type png)
 <use UMDCryo.png>
Package pdftex.def Info: UMDCryo.png used on input line 88.
(pdftex.def)             Requested size: 98.91864pt x 187.33565pt.

[81 <C:/Users/Richard/Desktop/Thesis/Intro/UMDCryo.png>]
<UMDspectra.png, id=1128, 727.518pt x 277.035pt>
File: UMDspectra.png Graphic file (type png)
 <use UMDspectra.png>
Package pdftex.def Info: UMDspectra.png used on input line 110.
(pdftex.def)             Requested size: 363.75812pt x 138.51715pt.

<ResidualBackgroundCorrected_SystemErr.png, id=1129, 1120.185pt x 409.53pt>
File: ResidualBackgroundCorrected_SystemErr.png Graphic file (type png)

<use ResidualBackgroundCorrected_SystemErr.png>
Package pdftex.def Info: ResidualBackgroundCorrected_SystemErr.png used on inpu
t line 116.
(pdftex.def)             Requested size: 392.07062pt x 143.33765pt.

Overfull \hbox (30.69302pt too wide) in paragraph at lines 140--141
 [][] 
 []


Overfull \hbox (8.01881pt too wide) in paragraph at lines 146--147
\T1/cmr/m/n/12 To more ac-cu-rately model the LUX de-tec-tor we sur-rounded our
 PMTs with polyethy-
 []

[82] [83 <C:/Users/Richard/Desktop/Thesis/Intro/UMDspectra.png> <C:/Users/Richa
rd/Desktop/Thesis/Intro/ResidualBackgroundCorrected_SystemErr.png>] [84]
<Outgassing_TimeHisto_Log.jpg, id=1149, 762.59906pt x 568.37344pt>
File: Outgassing_TimeHisto_Log.jpg Graphic file (type jpg)

<use Outgassing_TimeHisto_Log.jpg>
Package pdftex.def Info: Outgassing_TimeHisto_Log.jpg used on input line 149.
(pdftex.def)             Requested size: 266.91367pt x 198.93369pt.

<Steps_Overlay.png, id=1150, 698.61pt x 473.77pt>
File: Steps_Overlay.png Graphic file (type png)
 <use Steps_Overlay.png>
Package pdftex.def Info: Steps_Overlay.png used on input line 155.
(pdftex.def)             Requested size: 244.51715pt x 165.82198pt.

[85] [86 <C:/Users/Richard/Desktop/Thesis/Intro/Outgassing_TimeHisto_Log.jpg> <
C:/Users/Richard/Desktop/Thesis/Intro/Steps_Overlay.png>]
<Cesium_TimeHisto.jpg, id=1160, 773.89125pt x 359.3425pt>
File: Cesium_TimeHisto.jpg Graphic file (type jpg)

<use Cesium_TimeHisto.jpg>
Package pdftex.def Info: Cesium_TimeHisto.jpg used on input line 163.
(pdftex.def)             Requested size: 270.866pt x 125.77174pt.
 [87 <C:/Users/Richard/Desktop/Thesis/Intro/Cesium_TimeHisto.jpg>]

LaTeX Warning: Citation `MethaneDiffusion' on page 88 undefined on input line 1
86.

[88]

LaTeX Warning: Citation `FicksAnalytic' on page 89 undefined on input line 198.


[89] <StepsandNoSteps.png, id=1182, 470.50781pt x 445.665pt>
File: StepsandNoSteps.png Graphic file (type png)

<use StepsandNoSteps.png>
Package pdftex.def Info: StepsandNoSteps.png used on input line 210.
(pdftex.def)             Requested size: 329.35321pt x 311.96336pt.
 [90] [91 <C:/Users/Richard/Desktop/Thesis/Intro/StepsandNoSteps.png>] [92] <Ou
tgassingSim.png, id=1206, 819.8128pt x 496.85625pt>
File: OutgassingSim.png Graphic file (type png)

<use OutgassingSim.png>
Package pdftex.def Info: OutgassingSim.png used on input line 265.
(pdftex.def)             Requested size: 245.94572pt x 149.05801pt.
 [93 <C:/Users/Richard/Desktop/Thesis/Intro/OutgassingSim.png (PNG copy)>] <LUX
Outgassing.png, id=1213, 435.87843pt x 360.59718pt>
File: LUXOutgassing.png Graphic file (type png)

<use LUXOutgassing.png>
Package pdftex.def Info: LUXOutgassing.png used on input line 276.
(pdftex.def)             Requested size: 305.11282pt x 252.4163pt.
 [94 <C:/Users/Richard/Desktop/Thesis/Intro/LUXOutgassing.png>] <CH3T_fid_rate_
new.png, id=1220, 397.485pt x 301.125pt>
File: CH3T_fid_rate_new.png Graphic file (type png)

<use CH3T_fid_rate_new.png>
Package pdftex.def Info: CH3T_fid_rate_new.png used on input line 284.
(pdftex.def)             Requested size: 278.2376pt x 210.78606pt.
 <TritiumRvZ.pdf, id=1222, 562.1pt x 421.575pt>
File: TritiumRvZ.pdf Graphic file (type pdf)

<use TritiumRvZ.pdf>
Package pdftex.def Info: TritiumRvZ.pdf used on input line 291.
(pdftex.def)             Requested size: 281.04932pt x 210.78697pt.
 [95 <C:/Users/Richard/Desktop/Thesis/Intro/CH3T_fid_rate_new.png>]

LaTeX Warning: Reference `CombinedEnergyModel' on page 96 undefined on input li
ne 296.

<TritiumSpectrum.pdf, id=1230, 562.1pt x 421.575pt>
File: TritiumSpectrum.pdf Graphic file (type pdf)
 <use TritiumSpectrum.pdf>
Package pdftex.def Info: TritiumSpectrum.pdf used on input line 300.
(pdftex.def)             Requested size: 238.89363pt x 179.17021pt.

[96 <C:/Users/Richard/Desktop/Thesis/Intro/TritiumRvZ.pdf>]
<TritiumThreshold.pdf, id=1245, 562.1pt x 421.575pt>
File: TritiumThreshold.pdf Graphic file (type pdf)

<use TritiumThreshold.pdf>
Package pdftex.def Info: TritiumThreshold.pdf used on input line 306.
(pdftex.def)             Requested size: 224.83601pt x 168.627pt.
 [97 <C:/Users/Richard/Desktop/Thesis/Intro/TritiumSpectrum.pdf> <C:/Users/Rich
ard/Desktop/Thesis/Intro/TritiumThreshold.pdf>]

LaTeX Warning: Reference `Run04Corrections' on page 98 undefined on input line 
313.

<TritiumERBand.pdf, id=1299, 562.1pt x 421.575pt>
File: TritiumERBand.pdf Graphic file (type pdf)
 <use TritiumERBand.pdf>
Package pdftex.def Info: TritiumERBand.pdf used on input line 317.
(pdftex.def)             Requested size: 196.73795pt x 147.55345pt.

<TritiumLeakage.pdf, id=1300, 562.1pt x 421.575pt>
File: TritiumLeakage.pdf Graphic file (type pdf)
 <use TritiumLeakage.pdf>
Package pdftex.def Info: TritiumLeakage.pdf used on input line 323.
(pdftex.def)             Requested size: 196.73795pt x 147.55345pt.


LaTeX Warning: `!h' float specifier changed to `!ht'.

) [98 <C:/Users/Richard/Desktop/Thesis/Intro/TritiumERBand.pdf>] [99 <C:/Users/
Richard/Desktop/Thesis/Intro/TritiumLeakage.pdf>]
(C:\Users\Richard\Desktop\Thesis\Intro\MainThesis.bbl [100

]
LaTeX Font Info:    Try loading font information for T1+cmtt on input line 84.

("C:\Program Files (x86)\MiKTeX 2.9\tex\latex\base\t1cmtt.fd"
File: t1cmtt.fd 1999/05/25 v2.5h Standard LaTeX font definitions
)
Underfull \hbox (badness 10000) in paragraph at lines 81--87
$\T1/cmtt/m/n/12 presentation / d / 16VfGTd5lYoIk9AkkJypX6qpJ5SujgQQt8d0YEjFinC
o /$
 []

[101]
Underfull \hbox (badness 6412) in paragraph at lines 158--164
[]\T1/cmr/m/n/12 PEBS Col-lab-o-ra-tion.  Positron frac-tion.  []$\T1/cmtt/m/n/
12 http : / / www1b . physik .$
 []

[102] [103] [104])
Package atveryend Info: Empty hook `BeforeClearDocument' on input line 102.
 [105]
Package atveryend Info: Empty hook `AfterLastShipout' on input line 102.
 (C:\Users\Richard\Desktop\Thesis\Intro\MainThesis.aux
(C:\Users\Richard\Desktop\Thesis\Intro\Abstract.aux)
(C:\Users\Richard\Desktop\Thesis\Intro\TitlePage.aux)
(C:\Users\Richard\Desktop\Thesis\Intro\Acknowledgments.aux)
(C:\Users\Richard\Desktop\Thesis\Intro\ChapterOne.aux)
(C:\Users\Richard\Desktop\Thesis\Intro\ChapterTwo.aux)
(C:\Users\Richard\Desktop\Thesis\Intro\ChapterThree.aux)
(C:\Users\Richard\Desktop\Thesis\Intro\ChapterFour.aux))
Package atveryend Info: Executing hook `AtVeryEndDocument' on input line 102.
Package atveryend Info: Executing hook `AtEndAfterFileList' on input line 102.
Package rerunfilecheck Info: File `MainThesis.out' has not changed.
(rerunfilecheck)             Checksum: 95A6D83E656C0B646B2215AF8F9BC292;3605.


LaTeX Warning: There were undefined references.

Package atveryend Info: Empty hook `AtVeryVeryEnd' on input line 102.
 )
(\end occurred inside a group at level 1)

### simple group (level 1) entered at line 9 ({)
### bottom level 
Here is how much of TeX's memory you used:
 10522 strings out of 494045
 157033 string characters out of 3145963
 268336 words of memory out of 3000000
 13167 multiletter control sequences out of 15000+200000
 23817 words of font info for 77 fonts, out of 3000000 for 9000
 715 hyphenation exceptions out of 8191
 37i,13n,43p,2013b,516s stack positions out of 5000i,500n,10000p,200000b,50000s
 <C:\Users\Richard\AppData\Local\MiKTeX\2.9\fonts\pk\ljfour\jkn
appen\ec\dpi600\ectt1200.pk> <C:\Users\Richard\AppData\Local\MiKTeX\2.9\fonts\p
k\ljfour\jknappen\ec\dpi600\ecti1200.pk> <C:\Users\Richard\AppData\Local\MiKTeX
\2.9\fonts\pk\ljfour\jknappen\ec\dpi600\ecrm0800.pk> <C:\Users\Richard\AppData\
Local\MiKTeX\2.9\fonts\pk\ljfour\jknappen\ec\dpi600\ecbx1440.pk> <C:\Users\Rich
ard\AppData\Local\MiKTeX\2.9\fonts\pk\ljfour\jknappen\ec\dpi600\ecbx1200.pk> <C
:\Users\Richard\AppData\Local\MiKTeX\2.9\fonts\pk\ljfour\jknappen\ec\dpi600\ecr
m2074.pk> <C:\Users\Richard\AppData\Local\MiKTeX\2.9\fonts\pk\ljfour\jknappen\e
c\dpi600\ecrm1200.pk> <C:\Users\Richard\AppData\Local\MiKTeX\2.9\fonts\pk\ljfou
r\jknappen\ec\dpi600\ecrm1440.pk> <C:\Users\Richard\AppData\Local\MiKTeX\2.9\fo
nts\pk\ljfour\jknappen\ec\dpi600\ecbx1728.pk><C:/Program Files (x86)/MiKTeX 2.9
/fonts/type1/public/amsfonts/cm/cmbx12.pfb><C:/Program Files (x86)/MiKTeX 2.9/f
onts/type1/public/amsfonts/cm/cmbx8.pfb><C:/Program Files (x86)/MiKTeX 2.9/font
s/type1/public/amsfonts/cm/cmex10.pfb><C:/Program Files (x86)/MiKTeX 2.9/fonts/
type1/public/amsfonts/cm/cmmi12.pfb><C:/Program Files (x86)/MiKTeX 2.9/fonts/ty
pe1/public/amsfonts/cm/cmmi6.pfb><C:/Program Files (x86)/MiKTeX 2.9/fonts/type1
/public/amsfonts/cm/cmmi8.pfb><C:/Program Files (x86)/MiKTeX 2.9/fonts/type1/pu
blic/amsfonts/cm/cmmib10.pfb><C:/Program Files (x86)/MiKTeX 2.9/fonts/type1/pub
lic/amsfonts/cm/cmr12.pfb><C:/Program Files (x86)/MiKTeX 2.9/fonts/type1/public
/amsfonts/cm/cmr6.pfb><C:/Program Files (x86)/MiKTeX 2.9/fonts/type1/public/ams
fonts/cm/cmr8.pfb><C:/Program Files (x86)/MiKTeX 2.9/fonts/type1/public/amsfont
s/cm/cmsy10.pfb><C:/Program Files (x86)/MiKTeX 2.9/fonts/type1/public/amsfonts/
cm/cmsy6.pfb><C:/Program Files (x86)/MiKTeX 2.9/fonts/type1/public/amsfonts/cm/
cmsy8.pfb><C:/Program Files (x86)/MiKTeX 2.9/fonts/type1/public/amsfonts/symbol
s/msam10.pfb>
Output written on MainThesis.pdf (113 pages, 5916762 bytes).
PDF statistics:
 1959 PDF objects out of 2073 (max. 8388607)
 368 named destinations out of 1000 (max. 500000)
 546 words of extra memory for PDF output out of 10000 (max. 10000000)

